2025-04-09 21:28:12,219 - INFO - Logging into Kalshi...
2025-04-09 21:28:21,731 - ERROR - Login failed: Message: no such window: target window already closed
from unknown error: web view not found
  (Session info: chrome=135.0.7049.84)
Stacktrace:
0   chromedriver                        0x000000010068edec cxxbridge1$str$ptr + 2817040
1   chromedriver                        0x0000000100687088 cxxbridge1$str$ptr + 2784940
2   chromedriver                        0x00000001001ce8d8 cxxbridge1$string$len + 93028
3   chromedriver                        0x00000001001a8758 chromedriver + 132952
4   chromedriver                        0x000000010023d734 cxxbridge1$string$len + 547264
5   chromedriver                        0x00000001002562c4 cxxbridge1$string$len + 648528
6   chromedriver                        0x0000000100209a80 cxxbridge1$string$len + 335116
7   chromedriver                        0x0000000100653c74 cxxbridge1$str$ptr + 2575000
8   chromedriver                        0x0000000100656f40 cxxbridge1$str$ptr + 2588004
9   chromedriver                        0x00000001006339fc cxxbridge1$str$ptr + 2443296
10  chromedriver                        0x00000001006577bc cxxbridge1$str$ptr + 2590176
11  chromedriver                        0x0000000100624af0 cxxbridge1$str$ptr + 2382100
12  chromedriver                        0x00000001006779a0 cxxbridge1$str$ptr + 2721732
13  chromedriver                        0x0000000100677b2c cxxbridge1$str$ptr + 2722128
14  chromedriver                        0x0000000100686cd4 cxxbridge1$str$ptr + 2783992
15  libsystem_pthread.dylib             0x000000019a5f32e4 _pthread_start + 136
16  libsystem_pthread.dylib             0x000000019a5ee0fc thread_start + 8

