Using Kalshi PRODUCTION environment
Starting orderbook listener for market: KXMLBGAME-25OCT31LADTOR-LAD
Fetching orderbook every 5 minutes...
[2025-10-31 20:30:07] === Fetch #1 - Starting orderbook fetch for KXMLBGAME-25OCT31LADTOR-LAD ===
[2025-10-31 20:30:07] Orderbook snapshot #1 saved for KXMLBGAME-25OCT31LADTOR-LAD to /Users/twilliams/Kalshi_MM/data/orderbookData/orderBook_KXMLBGAME-25OCT31LADTOR-LAD.json (total snapshots: 1)
[2025-10-31 20:30:07] ✓ Successfully fetched and saved orderbook (fetch #1)
[2025-10-31 20:30:07] Waiting 5 minutes until next fetch (next: 2025-10-31 20:35:07)...
[2025-10-31 20:30:07] Listener is active and will continue running...
[2025-10-31 20:35:07] === Fetch #2 - Starting orderbook fetch for KXMLBGAME-25OCT31LADTOR-LAD ===
[2025-10-31 20:35:07] Orderbook snapshot #2 saved for KXMLBGAME-25OCT31LADTOR-LAD to /Users/twilliams/Kalshi_MM/data/orderbookData/orderBook_KXMLBGAME-25OCT31LADTOR-LAD.json (total snapshots: 2)
[2025-10-31 20:35:07] ✓ Successfully fetched and saved orderbook (fetch #2)
[2025-10-31 20:35:07] Waiting 5 minutes until next fetch (next: 2025-10-31 20:40:07)...
[2025-10-31 20:35:07] Listener is active and will continue running...
[2025-10-31 20:40:07] === Fetch #3 - Starting orderbook fetch for KXMLBGAME-25OCT31LADTOR-LAD ===
[2025-10-31 20:40:08] Orderbook snapshot #3 saved for KXMLBGAME-25OCT31LADTOR-LAD to /Users/twilliams/Kalshi_MM/data/orderbookData/orderBook_KXMLBGAME-25OCT31LADTOR-LAD.json (total snapshots: 3)
[2025-10-31 20:40:07] ✓ Successfully fetched and saved orderbook (fetch #3)
[2025-10-31 20:40:08] Waiting 5 minutes until next fetch (next: 2025-10-31 20:45:08)...
[2025-10-31 20:40:08] Listener is active and will continue running...
[2025-10-31 20:45:08] === Fetch #4 - Starting orderbook fetch for KXMLBGAME-25OCT31LADTOR-LAD ===
[2025-10-31 20:45:08] Orderbook snapshot #4 saved for KXMLBGAME-25OCT31LADTOR-LAD to /Users/twilliams/Kalshi_MM/data/orderbookData/orderBook_KXMLBGAME-25OCT31LADTOR-LAD.json (total snapshots: 4)
[2025-10-31 20:45:08] ✓ Successfully fetched and saved orderbook (fetch #4)
[2025-10-31 20:45:08] Waiting 5 minutes until next fetch (next: 2025-10-31 20:50:08)...
[2025-10-31 20:45:08] Listener is active and will continue running...
[2025-10-31 20:50:08] === Fetch #5 - Starting orderbook fetch for KXMLBGAME-25OCT31LADTOR-LAD ===
[2025-10-31 20:50:08] Orderbook snapshot #5 saved for KXMLBGAME-25OCT31LADTOR-LAD to /Users/twilliams/Kalshi_MM/data/orderbookData/orderBook_KXMLBGAME-25OCT31LADTOR-LAD.json (total snapshots: 5)
[2025-10-31 20:50:08] ✓ Successfully fetched and saved orderbook (fetch #5)
[2025-10-31 20:50:08] Waiting 5 minutes until next fetch (next: 2025-10-31 20:55:08)...
[2025-10-31 20:50:08] Listener is active and will continue running...
[2025-10-31 20:55:08] === Fetch #6 - Starting orderbook fetch for KXMLBGAME-25OCT31LADTOR-LAD ===
[2025-10-31 20:55:09] Orderbook snapshot #6 saved for KXMLBGAME-25OCT31LADTOR-LAD to /Users/twilliams/Kalshi_MM/data/orderbookData/orderBook_KXMLBGAME-25OCT31LADTOR-LAD.json (total snapshots: 6)
[2025-10-31 20:55:08] ✓ Successfully fetched and saved orderbook (fetch #6)
[2025-10-31 20:55:09] Waiting 5 minutes until next fetch (next: 2025-10-31 21:00:09)...
[2025-10-31 20:55:09] Listener is active and will continue running...
[2025-10-31 21:00:09] === Fetch #7 - Starting orderbook fetch for KXMLBGAME-25OCT31LADTOR-LAD ===
[2025-10-31 21:00:09] Orderbook snapshot #7 saved for KXMLBGAME-25OCT31LADTOR-LAD to /Users/twilliams/Kalshi_MM/data/orderbookData/orderBook_KXMLBGAME-25OCT31LADTOR-LAD.json (total snapshots: 7)
[2025-10-31 21:00:09] ✓ Successfully fetched and saved orderbook (fetch #7)
[2025-10-31 21:00:09] Waiting 5 minutes until next fetch (next: 2025-10-31 21:05:09)...
[2025-10-31 21:00:09] Listener is active and will continue running...
[2025-10-31 21:05:09] === Fetch #8 - Starting orderbook fetch for KXMLBGAME-25OCT31LADTOR-LAD ===
[2025-10-31 21:05:09] Orderbook snapshot #8 saved for KXMLBGAME-25OCT31LADTOR-LAD to /Users/twilliams/Kalshi_MM/data/orderbookData/orderBook_KXMLBGAME-25OCT31LADTOR-LAD.json (total snapshots: 8)
[2025-10-31 21:05:09] ✓ Successfully fetched and saved orderbook (fetch #8)
[2025-10-31 21:05:09] Waiting 5 minutes until next fetch (next: 2025-10-31 21:10:09)...
[2025-10-31 21:05:09] Listener is active and will continue running...
[2025-10-31 21:10:09] === Fetch #9 - Starting orderbook fetch for KXMLBGAME-25OCT31LADTOR-LAD ===
[2025-10-31 21:10:10] Orderbook snapshot #9 saved for KXMLBGAME-25OCT31LADTOR-LAD to /Users/twilliams/Kalshi_MM/data/orderbookData/orderBook_KXMLBGAME-25OCT31LADTOR-LAD.json (total snapshots: 9)
[2025-10-31 21:10:09] ✓ Successfully fetched and saved orderbook (fetch #9)
[2025-10-31 21:10:10] Waiting 5 minutes until next fetch (next: 2025-10-31 21:15:10)...
[2025-10-31 21:10:10] Listener is active and will continue running...
[2025-10-31 21:15:10] === Fetch #10 - Starting orderbook fetch for KXMLBGAME-25OCT31LADTOR-LAD ===
[2025-10-31 21:15:10] Orderbook snapshot #10 saved for KXMLBGAME-25OCT31LADTOR-LAD to /Users/twilliams/Kalshi_MM/data/orderbookData/orderBook_KXMLBGAME-25OCT31LADTOR-LAD.json (total snapshots: 10)
[2025-10-31 21:15:10] ✓ Successfully fetched and saved orderbook (fetch #10)
[2025-10-31 21:15:10] Waiting 5 minutes until next fetch (next: 2025-10-31 21:20:10)...
[2025-10-31 21:15:10] Listener is active and will continue running...
[2025-10-31 21:20:10] === Fetch #11 - Starting orderbook fetch for KXMLBGAME-25OCT31LADTOR-LAD ===
[2025-10-31 21:20:10] Orderbook snapshot #11 saved for KXMLBGAME-25OCT31LADTOR-LAD to /Users/twilliams/Kalshi_MM/data/orderbookData/orderBook_KXMLBGAME-25OCT31LADTOR-LAD.json (total snapshots: 11)
[2025-10-31 21:20:10] ✓ Successfully fetched and saved orderbook (fetch #11)
[2025-10-31 21:20:10] Waiting 5 minutes until next fetch (next: 2025-10-31 21:25:10)...
[2025-10-31 21:20:10] Listener is active and will continue running...
[2025-10-31 21:25:10] === Fetch #12 - Starting orderbook fetch for KXMLBGAME-25OCT31LADTOR-LAD ===
[2025-10-31 21:25:10] Orderbook snapshot #12 saved for KXMLBGAME-25OCT31LADTOR-LAD to /Users/twilliams/Kalshi_MM/data/orderbookData/orderBook_KXMLBGAME-25OCT31LADTOR-LAD.json (total snapshots: 12)
[2025-10-31 21:25:10] ✓ Successfully fetched and saved orderbook (fetch #12)
[2025-10-31 21:25:10] Waiting 5 minutes until next fetch (next: 2025-10-31 21:30:10)...
[2025-10-31 21:25:10] Listener is active and will continue running...
[2025-10-31 21:30:10] === Fetch #13 - Starting orderbook fetch for KXMLBGAME-25OCT31LADTOR-LAD ===
[2025-10-31 21:30:10] Orderbook snapshot #13 saved for KXMLBGAME-25OCT31LADTOR-LAD to /Users/twilliams/Kalshi_MM/data/orderbookData/orderBook_KXMLBGAME-25OCT31LADTOR-LAD.json (total snapshots: 13)
[2025-10-31 21:30:10] ✓ Successfully fetched and saved orderbook (fetch #13)
[2025-10-31 21:30:10] Waiting 5 minutes until next fetch (next: 2025-10-31 21:35:10)...
[2025-10-31 21:30:10] Listener is active and will continue running...
[2025-10-31 21:35:10] === Fetch #14 - Starting orderbook fetch for KXMLBGAME-25OCT31LADTOR-LAD ===
[2025-10-31 21:35:11] Orderbook snapshot #14 saved for KXMLBGAME-25OCT31LADTOR-LAD to /Users/twilliams/Kalshi_MM/data/orderbookData/orderBook_KXMLBGAME-25OCT31LADTOR-LAD.json (total snapshots: 14)
[2025-10-31 21:35:10] ✓ Successfully fetched and saved orderbook (fetch #14)
[2025-10-31 21:35:11] Waiting 5 minutes until next fetch (next: 2025-10-31 21:40:11)...
[2025-10-31 21:35:11] Listener is active and will continue running...
[2025-10-31 21:40:11] === Fetch #15 - Starting orderbook fetch for KXMLBGAME-25OCT31LADTOR-LAD ===
[2025-10-31 21:40:11] Orderbook snapshot #15 saved for KXMLBGAME-25OCT31LADTOR-LAD to /Users/twilliams/Kalshi_MM/data/orderbookData/orderBook_KXMLBGAME-25OCT31LADTOR-LAD.json (total snapshots: 15)
[2025-10-31 21:40:11] ✓ Successfully fetched and saved orderbook (fetch #15)
[2025-10-31 21:40:11] Waiting 5 minutes until next fetch (next: 2025-10-31 21:45:11)...
[2025-10-31 21:40:11] Listener is active and will continue running...
[2025-10-31 21:45:11] === Fetch #16 - Starting orderbook fetch for KXMLBGAME-25OCT31LADTOR-LAD ===
[2025-10-31 21:45:11] Orderbook snapshot #16 saved for KXMLBGAME-25OCT31LADTOR-LAD to /Users/twilliams/Kalshi_MM/data/orderbookData/orderBook_KXMLBGAME-25OCT31LADTOR-LAD.json (total snapshots: 16)
[2025-10-31 21:45:11] ✓ Successfully fetched and saved orderbook (fetch #16)
[2025-10-31 21:45:11] Waiting 5 minutes until next fetch (next: 2025-10-31 21:50:11)...
[2025-10-31 21:45:11] Listener is active and will continue running...
[2025-10-31 21:50:11] === Fetch #17 - Starting orderbook fetch for KXMLBGAME-25OCT31LADTOR-LAD ===
[2025-10-31 21:50:11] Orderbook snapshot #17 saved for KXMLBGAME-25OCT31LADTOR-LAD to /Users/twilliams/Kalshi_MM/data/orderbookData/orderBook_KXMLBGAME-25OCT31LADTOR-LAD.json (total snapshots: 17)
[2025-10-31 21:50:11] ✓ Successfully fetched and saved orderbook (fetch #17)
[2025-10-31 21:50:11] Waiting 5 minutes until next fetch (next: 2025-10-31 21:55:11)...
[2025-10-31 21:50:11] Listener is active and will continue running...
[2025-10-31 21:55:11] === Fetch #18 - Starting orderbook fetch for KXMLBGAME-25OCT31LADTOR-LAD ===
[2025-10-31 21:55:12] Orderbook snapshot #18 saved for KXMLBGAME-25OCT31LADTOR-LAD to /Users/twilliams/Kalshi_MM/data/orderbookData/orderBook_KXMLBGAME-25OCT31LADTOR-LAD.json (total snapshots: 18)
[2025-10-31 21:55:11] ✓ Successfully fetched and saved orderbook (fetch #18)
[2025-10-31 21:55:12] Waiting 5 minutes until next fetch (next: 2025-10-31 22:00:12)...
[2025-10-31 21:55:12] Listener is active and will continue running...
[2025-10-31 22:00:12] === Fetch #19 - Starting orderbook fetch for KXMLBGAME-25OCT31LADTOR-LAD ===
[2025-10-31 22:00:12] Orderbook snapshot #19 saved for KXMLBGAME-25OCT31LADTOR-LAD to /Users/twilliams/Kalshi_MM/data/orderbookData/orderBook_KXMLBGAME-25OCT31LADTOR-LAD.json (total snapshots: 19)
[2025-10-31 22:00:12] ✓ Successfully fetched and saved orderbook (fetch #19)
[2025-10-31 22:00:12] Waiting 5 minutes until next fetch (next: 2025-10-31 22:05:12)...
[2025-10-31 22:00:12] Listener is active and will continue running...
[2025-10-31 22:05:12] === Fetch #20 - Starting orderbook fetch for KXMLBGAME-25OCT31LADTOR-LAD ===
[2025-10-31 22:05:12] Orderbook snapshot #20 saved for KXMLBGAME-25OCT31LADTOR-LAD to /Users/twilliams/Kalshi_MM/data/orderbookData/orderBook_KXMLBGAME-25OCT31LADTOR-LAD.json (total snapshots: 20)
[2025-10-31 22:05:12] ✓ Successfully fetched and saved orderbook (fetch #20)
[2025-10-31 22:05:12] Waiting 5 minutes until next fetch (next: 2025-10-31 22:10:12)...
[2025-10-31 22:05:12] Listener is active and will continue running...
