Using Kalshi PRODUCTION environment
Starting orderbook listener for market: KXMLBGAME-25OCT31LADTOR-LAD
Fetching orderbook every 5 minutes...
[2025-10-31 22:09:33] === Fetch #1 - Starting orderbook fetch for KXMLBGAME-25OCT31LADTOR-LAD ===
[2025-10-31 22:09:33] Orderbook snapshot #21 saved for KXMLBGAME-25OCT31LADTOR-LAD to /Users/twilliams/Kalshi_MM/data/orderbookData/orderBook_KXMLBGAME-25OCT31LADTOR-LAD.json (total snapshots: 21)
[2025-10-31 22:09:33] ✓ Successfully fetched and saved orderbook (fetch #1)
[2025-10-31 22:09:33] Waiting 5 minutes until next fetch (next: 2025-10-31 22:14:33)...
[2025-10-31 22:09:33] Listener is active and will continue running...
[2025-10-31 22:14:34] === Fetch #2 - Starting orderbook fetch for KXMLBGAME-25OCT31LADTOR-LAD ===
[2025-10-31 22:14:34] Orderbook snapshot #22 saved for KXMLBGAME-25OCT31LADTOR-LAD to /Users/twilliams/Kalshi_MM/data/orderbookData/orderBook_KXMLBGAME-25OCT31LADTOR-LAD.json (total snapshots: 22)
[2025-10-31 22:14:34] ✓ Successfully fetched and saved orderbook (fetch #2)
[2025-10-31 22:14:34] Waiting 5 minutes until next fetch (next: 2025-10-31 22:19:34)...
[2025-10-31 22:14:34] Listener is active and will continue running...
[2025-10-31 22:19:52] === Fetch #3 - Starting orderbook fetch for KXMLBGAME-25OCT31LADTOR-LAD ===
[2025-10-31 22:19:52] Orderbook snapshot #23 saved for KXMLBGAME-25OCT31LADTOR-LAD to /Users/twilliams/Kalshi_MM/data/orderbookData/orderBook_KXMLBGAME-25OCT31LADTOR-LAD.json (total snapshots: 23)
[2025-10-31 22:19:52] ✓ Successfully fetched and saved orderbook (fetch #3)
[2025-10-31 22:19:52] Waiting 5 minutes until next fetch (next: 2025-10-31 22:24:52)...
[2025-10-31 22:19:52] Listener is active and will continue running...
[2025-10-31 22:35:13] === Fetch #4 - Starting orderbook fetch for KXMLBGAME-25OCT31LADTOR-LAD ===
[2025-10-31 22:35:13] Orderbook snapshot #24 saved for KXMLBGAME-25OCT31LADTOR-LAD to /Users/twilliams/Kalshi_MM/data/orderbookData/orderBook_KXMLBGAME-25OCT31LADTOR-LAD.json (total snapshots: 24)
[2025-10-31 22:35:13] ✓ Successfully fetched and saved orderbook (fetch #4)
[2025-10-31 22:35:13] Waiting 5 minutes until next fetch (next: 2025-10-31 22:40:13)...
[2025-10-31 22:35:13] Listener is active and will continue running...
[2025-10-31 22:40:13] === Fetch #5 - Starting orderbook fetch for KXMLBGAME-25OCT31LADTOR-LAD ===
[2025-10-31 22:40:13] Orderbook snapshot #25 saved for KXMLBGAME-25OCT31LADTOR-LAD to /Users/twilliams/Kalshi_MM/data/orderbookData/orderBook_KXMLBGAME-25OCT31LADTOR-LAD.json (total snapshots: 25)
[2025-10-31 22:40:13] ✓ Successfully fetched and saved orderbook (fetch #5)
[2025-10-31 22:40:13] Waiting 5 minutes until next fetch (next: 2025-10-31 22:45:13)...
[2025-10-31 22:40:13] Listener is active and will continue running...
[2025-10-31 22:45:13] === Fetch #6 - Starting orderbook fetch for KXMLBGAME-25OCT31LADTOR-LAD ===
[2025-10-31 22:45:13] Orderbook snapshot #26 saved for KXMLBGAME-25OCT31LADTOR-LAD to /Users/twilliams/Kalshi_MM/data/orderbookData/orderBook_KXMLBGAME-25OCT31LADTOR-LAD.json (total snapshots: 26)
[2025-10-31 22:45:13] ✓ Successfully fetched and saved orderbook (fetch #6)
[2025-10-31 22:45:13] Waiting 5 minutes until next fetch (next: 2025-10-31 22:50:13)...
[2025-10-31 22:45:13] Listener is active and will continue running...
[2025-10-31 22:50:13] === Fetch #7 - Starting orderbook fetch for KXMLBGAME-25OCT31LADTOR-LAD ===
[2025-10-31 22:50:15] Orderbook snapshot #27 saved for KXMLBGAME-25OCT31LADTOR-LAD to /Users/twilliams/Kalshi_MM/data/orderbookData/orderBook_KXMLBGAME-25OCT31LADTOR-LAD.json (total snapshots: 27)
[2025-10-31 22:50:13] ✓ Successfully fetched and saved orderbook (fetch #7)
[2025-10-31 22:50:15] Waiting 5 minutes until next fetch (next: 2025-10-31 22:55:15)...
[2025-10-31 22:50:15] Listener is active and will continue running...
[2025-10-31 22:55:15] === Fetch #8 - Starting orderbook fetch for KXMLBGAME-25OCT31LADTOR-LAD ===
[2025-10-31 22:55:15] Orderbook snapshot #28 saved for KXMLBGAME-25OCT31LADTOR-LAD to /Users/twilliams/Kalshi_MM/data/orderbookData/orderBook_KXMLBGAME-25OCT31LADTOR-LAD.json (total snapshots: 28)
[2025-10-31 22:55:15] ✓ Successfully fetched and saved orderbook (fetch #8)
[2025-10-31 22:55:15] Waiting 5 minutes until next fetch (next: 2025-10-31 23:00:15)...
[2025-10-31 22:55:15] Listener is active and will continue running...
[2025-10-31 23:00:15] === Fetch #9 - Starting orderbook fetch for KXMLBGAME-25OCT31LADTOR-LAD ===
[2025-10-31 23:00:15] Orderbook snapshot #29 saved for KXMLBGAME-25OCT31LADTOR-LAD to /Users/twilliams/Kalshi_MM/data/orderbookData/orderBook_KXMLBGAME-25OCT31LADTOR-LAD.json (total snapshots: 29)
[2025-10-31 23:00:15] ✓ Successfully fetched and saved orderbook (fetch #9)
[2025-10-31 23:00:15] Waiting 5 minutes until next fetch (next: 2025-10-31 23:05:15)...
[2025-10-31 23:00:15] Listener is active and will continue running...
[2025-10-31 23:05:15] === Fetch #10 - Starting orderbook fetch for KXMLBGAME-25OCT31LADTOR-LAD ===
[2025-10-31 23:05:15] Orderbook snapshot #30 saved for KXMLBGAME-25OCT31LADTOR-LAD to /Users/twilliams/Kalshi_MM/data/orderbookData/orderBook_KXMLBGAME-25OCT31LADTOR-LAD.json (total snapshots: 30)
[2025-10-31 23:05:15] ✓ Successfully fetched and saved orderbook (fetch #10)
[2025-10-31 23:05:15] Waiting 5 minutes until next fetch (next: 2025-10-31 23:10:15)...
[2025-10-31 23:05:15] Listener is active and will continue running...
[2025-10-31 23:10:15] === Fetch #11 - Starting orderbook fetch for KXMLBGAME-25OCT31LADTOR-LAD ===
[2025-10-31 23:10:16] Orderbook snapshot #31 saved for KXMLBGAME-25OCT31LADTOR-LAD to /Users/twilliams/Kalshi_MM/data/orderbookData/orderBook_KXMLBGAME-25OCT31LADTOR-LAD.json (total snapshots: 31)
[2025-10-31 23:10:15] ✓ Successfully fetched and saved orderbook (fetch #11)
[2025-10-31 23:10:16] Waiting 5 minutes until next fetch (next: 2025-10-31 23:15:16)...
[2025-10-31 23:10:16] Listener is active and will continue running...
[2025-10-31 23:18:51] === Fetch #12 - Starting orderbook fetch for KXMLBGAME-25OCT31LADTOR-LAD ===
[2025-10-31 23:18:51] Orderbook snapshot #32 saved for KXMLBGAME-25OCT31LADTOR-LAD to /Users/twilliams/Kalshi_MM/data/orderbookData/orderBook_KXMLBGAME-25OCT31LADTOR-LAD.json (total snapshots: 32)
[2025-10-31 23:18:51] ✓ Successfully fetched and saved orderbook (fetch #12)
[2025-10-31 23:18:51] Waiting 5 minutes until next fetch (next: 2025-10-31 23:23:51)...
[2025-10-31 23:18:51] Listener is active and will continue running...
[2025-10-31 23:24:03] === Fetch #13 - Starting orderbook fetch for KXMLBGAME-25OCT31LADTOR-LAD ===
[2025-10-31 23:24:03] Orderbook snapshot #33 saved for KXMLBGAME-25OCT31LADTOR-LAD to /Users/twilliams/Kalshi_MM/data/orderbookData/orderBook_KXMLBGAME-25OCT31LADTOR-LAD.json (total snapshots: 33)
[2025-10-31 23:24:03] ✓ Successfully fetched and saved orderbook (fetch #13)
[2025-10-31 23:24:03] Waiting 5 minutes until next fetch (next: 2025-10-31 23:29:03)...
[2025-10-31 23:24:03] Listener is active and will continue running...
[2025-10-31 23:29:03] === Fetch #14 - Starting orderbook fetch for KXMLBGAME-25OCT31LADTOR-LAD ===
[2025-10-31 23:29:03] Orderbook snapshot #34 saved for KXMLBGAME-25OCT31LADTOR-LAD to /Users/twilliams/Kalshi_MM/data/orderbookData/orderBook_KXMLBGAME-25OCT31LADTOR-LAD.json (total snapshots: 34)
[2025-10-31 23:29:03] ✓ Successfully fetched and saved orderbook (fetch #14)
[2025-10-31 23:29:03] Waiting 5 minutes until next fetch (next: 2025-10-31 23:34:03)...
[2025-10-31 23:29:03] Listener is active and will continue running...
[2025-10-31 23:34:03] === Fetch #15 - Starting orderbook fetch for KXMLBGAME-25OCT31LADTOR-LAD ===
[2025-10-31 23:34:03] Orderbook snapshot #35 saved for KXMLBGAME-25OCT31LADTOR-LAD to /Users/twilliams/Kalshi_MM/data/orderbookData/orderBook_KXMLBGAME-25OCT31LADTOR-LAD.json (total snapshots: 35)
[2025-10-31 23:34:03] ✓ Successfully fetched and saved orderbook (fetch #15)
[2025-10-31 23:34:03] Waiting 5 minutes until next fetch (next: 2025-10-31 23:39:03)...
[2025-10-31 23:34:03] Listener is active and will continue running...
[2025-10-31 23:39:03] === Fetch #16 - Starting orderbook fetch for KXMLBGAME-25OCT31LADTOR-LAD ===
[2025-10-31 23:39:04] Orderbook snapshot #36 saved for KXMLBGAME-25OCT31LADTOR-LAD to /Users/twilliams/Kalshi_MM/data/orderbookData/orderBook_KXMLBGAME-25OCT31LADTOR-LAD.json (total snapshots: 36)
[2025-10-31 23:39:03] ✓ Successfully fetched and saved orderbook (fetch #16)
[2025-10-31 23:39:04] Waiting 5 minutes until next fetch (next: 2025-10-31 23:44:04)...
[2025-10-31 23:39:04] Listener is active and will continue running...
[2025-10-31 23:44:04] === Fetch #17 - Starting orderbook fetch for KXMLBGAME-25OCT31LADTOR-LAD ===
[2025-10-31 23:44:04] Orderbook snapshot #37 saved for KXMLBGAME-25OCT31LADTOR-LAD to /Users/twilliams/Kalshi_MM/data/orderbookData/orderBook_KXMLBGAME-25OCT31LADTOR-LAD.json (total snapshots: 37)
[2025-10-31 23:44:04] ✓ Successfully fetched and saved orderbook (fetch #17)
[2025-10-31 23:44:04] Waiting 5 minutes until next fetch (next: 2025-10-31 23:49:04)...
[2025-10-31 23:44:04] Listener is active and will continue running...
[2025-10-31 23:49:04] === Fetch #18 - Starting orderbook fetch for KXMLBGAME-25OCT31LADTOR-LAD ===
[2025-10-31 23:49:04] Orderbook snapshot #38 saved for KXMLBGAME-25OCT31LADTOR-LAD to /Users/twilliams/Kalshi_MM/data/orderbookData/orderBook_KXMLBGAME-25OCT31LADTOR-LAD.json (total snapshots: 38)
[2025-10-31 23:49:04] ✓ Successfully fetched and saved orderbook (fetch #18)
[2025-10-31 23:49:04] Waiting 5 minutes until next fetch (next: 2025-10-31 23:54:04)...
[2025-10-31 23:49:04] Listener is active and will continue running...
[2025-10-31 23:54:04] === Fetch #19 - Starting orderbook fetch for KXMLBGAME-25OCT31LADTOR-LAD ===
[2025-10-31 23:54:04] Orderbook snapshot #39 saved for KXMLBGAME-25OCT31LADTOR-LAD to /Users/twilliams/Kalshi_MM/data/orderbookData/orderBook_KXMLBGAME-25OCT31LADTOR-LAD.json (total snapshots: 39)
[2025-10-31 23:54:04] ✓ Successfully fetched and saved orderbook (fetch #19)
[2025-10-31 23:54:04] Waiting 5 minutes until next fetch (next: 2025-10-31 23:59:04)...
[2025-10-31 23:54:04] Listener is active and will continue running...
[2025-10-31 23:59:04] === Fetch #20 - Starting orderbook fetch for KXMLBGAME-25OCT31LADTOR-LAD ===
[2025-10-31 23:59:04] Orderbook snapshot #40 saved for KXMLBGAME-25OCT31LADTOR-LAD to /Users/twilliams/Kalshi_MM/data/orderbookData/orderBook_KXMLBGAME-25OCT31LADTOR-LAD.json (total snapshots: 40)
[2025-10-31 23:59:04] ✓ Successfully fetched and saved orderbook (fetch #20)
[2025-10-31 23:59:04] Waiting 5 minutes until next fetch (next: 2025-11-01 00:04:04)...
[2025-10-31 23:59:04] Listener is active and will continue running...
[2025-11-01 00:04:04] === Fetch #21 - Starting orderbook fetch for KXMLBGAME-25OCT31LADTOR-LAD ===
[2025-11-01 00:04:04] Orderbook snapshot #41 saved for KXMLBGAME-25OCT31LADTOR-LAD to /Users/twilliams/Kalshi_MM/data/orderbookData/orderBook_KXMLBGAME-25OCT31LADTOR-LAD.json (total snapshots: 41)
[2025-11-01 00:04:04] ✓ Successfully fetched and saved orderbook (fetch #21)
[2025-11-01 00:04:04] Waiting 5 minutes until next fetch (next: 2025-11-01 00:09:04)...
[2025-11-01 00:04:04] Listener is active and will continue running...
[2025-11-01 00:09:04] === Fetch #22 - Starting orderbook fetch for KXMLBGAME-25OCT31LADTOR-LAD ===
[2025-11-01 00:09:04] Orderbook snapshot #42 saved for KXMLBGAME-25OCT31LADTOR-LAD to /Users/twilliams/Kalshi_MM/data/orderbookData/orderBook_KXMLBGAME-25OCT31LADTOR-LAD.json (total snapshots: 42)
[2025-11-01 00:09:04] ✓ Successfully fetched and saved orderbook (fetch #22)
[2025-11-01 00:09:04] Waiting 5 minutes until next fetch (next: 2025-11-01 00:14:04)...
[2025-11-01 00:09:04] Listener is active and will continue running...
[2025-11-01 00:14:04] === Fetch #23 - Starting orderbook fetch for KXMLBGAME-25OCT31LADTOR-LAD ===
[2025-11-01 00:14:04] Orderbook snapshot #43 saved for KXMLBGAME-25OCT31LADTOR-LAD to /Users/twilliams/Kalshi_MM/data/orderbookData/orderBook_KXMLBGAME-25OCT31LADTOR-LAD.json (total snapshots: 43)
[2025-11-01 00:14:04] ✓ Successfully fetched and saved orderbook (fetch #23)
[2025-11-01 00:14:04] Waiting 5 minutes until next fetch (next: 2025-11-01 00:19:04)...
[2025-11-01 00:14:04] Listener is active and will continue running...
[2025-11-01 00:19:04] === Fetch #24 - Starting orderbook fetch for KXMLBGAME-25OCT31LADTOR-LAD ===
[2025-11-01 00:19:04] Orderbook snapshot #44 saved for KXMLBGAME-25OCT31LADTOR-LAD to /Users/twilliams/Kalshi_MM/data/orderbookData/orderBook_KXMLBGAME-25OCT31LADTOR-LAD.json (total snapshots: 44)
[2025-11-01 00:19:04] ✓ Successfully fetched and saved orderbook (fetch #24)
[2025-11-01 00:19:04] Waiting 5 minutes until next fetch (next: 2025-11-01 00:24:04)...
[2025-11-01 00:19:04] Listener is active and will continue running...
[2025-11-01 00:24:04] === Fetch #25 - Starting orderbook fetch for KXMLBGAME-25OCT31LADTOR-LAD ===
[2025-11-01 00:24:04] Orderbook snapshot #45 saved for KXMLBGAME-25OCT31LADTOR-LAD to /Users/twilliams/Kalshi_MM/data/orderbookData/orderBook_KXMLBGAME-25OCT31LADTOR-LAD.json (total snapshots: 45)
[2025-11-01 00:24:04] ✓ Successfully fetched and saved orderbook (fetch #25)
[2025-11-01 00:24:04] Waiting 5 minutes until next fetch (next: 2025-11-01 00:29:04)...
[2025-11-01 00:24:04] Listener is active and will continue running...
[2025-11-01 00:29:04] === Fetch #26 - Starting orderbook fetch for KXMLBGAME-25OCT31LADTOR-LAD ===
[2025-11-01 00:29:04] Orderbook snapshot #46 saved for KXMLBGAME-25OCT31LADTOR-LAD to /Users/twilliams/Kalshi_MM/data/orderbookData/orderBook_KXMLBGAME-25OCT31LADTOR-LAD.json (total snapshots: 46)
[2025-11-01 00:29:04] ✓ Successfully fetched and saved orderbook (fetch #26)
[2025-11-01 00:29:04] Waiting 5 minutes until next fetch (next: 2025-11-01 00:34:04)...
[2025-11-01 00:29:04] Listener is active and will continue running...
[2025-11-01 00:34:04] === Fetch #27 - Starting orderbook fetch for KXMLBGAME-25OCT31LADTOR-LAD ===
[2025-11-01 00:34:05] Orderbook snapshot #47 saved for KXMLBGAME-25OCT31LADTOR-LAD to /Users/twilliams/Kalshi_MM/data/orderbookData/orderBook_KXMLBGAME-25OCT31LADTOR-LAD.json (total snapshots: 47)
[2025-11-01 00:34:04] ✓ Successfully fetched and saved orderbook (fetch #27)
[2025-11-01 00:34:05] Waiting 5 minutes until next fetch (next: 2025-11-01 00:39:05)...
[2025-11-01 00:34:05] Listener is active and will continue running...
[2025-11-01 00:39:05] === Fetch #28 - Starting orderbook fetch for KXMLBGAME-25OCT31LADTOR-LAD ===
[2025-11-01 00:39:05] Orderbook snapshot #48 saved for KXMLBGAME-25OCT31LADTOR-LAD to /Users/twilliams/Kalshi_MM/data/orderbookData/orderBook_KXMLBGAME-25OCT31LADTOR-LAD.json (total snapshots: 48)
[2025-11-01 00:39:05] ✓ Successfully fetched and saved orderbook (fetch #28)
[2025-11-01 00:39:05] Waiting 5 minutes until next fetch (next: 2025-11-01 00:44:05)...
[2025-11-01 00:39:05] Listener is active and will continue running...
[2025-11-01 00:44:05] === Fetch #29 - Starting orderbook fetch for KXMLBGAME-25OCT31LADTOR-LAD ===
[2025-11-01 00:44:05] Orderbook snapshot #49 saved for KXMLBGAME-25OCT31LADTOR-LAD to /Users/twilliams/Kalshi_MM/data/orderbookData/orderBook_KXMLBGAME-25OCT31LADTOR-LAD.json (total snapshots: 49)
[2025-11-01 00:44:05] ✓ Successfully fetched and saved orderbook (fetch #29)
[2025-11-01 00:44:05] Waiting 5 minutes until next fetch (next: 2025-11-01 00:49:05)...
[2025-11-01 00:44:05] Listener is active and will continue running...
