Using Kalshi PRODUCTION environment
Starting orderbook listener for market: KXNHLSPREAD-25NOV01CARBOS-BOS1
Fetching orderbook every 5 minutes...
[2025-10-31 16:05:42] === Fetch #1 - Starting orderbook fetch for KXNHLSPREAD-25NOV01CARBOS-BOS1 ===
[2025-10-31 16:05:42] Orderbook snapshot #13 saved for KXNHLSPREAD-25NOV01CARBOS-BOS1 to /Users/twilliams/Kalshi_MM/data/orderbookData/orderBook_KXNHLSPREAD-25NOV01CARBOS-BOS1.json (total snapshots: 13)
[2025-10-31 16:05:42] ✓ Successfully fetched and saved orderbook (fetch #1)
[2025-10-31 16:05:42] Waiting 5 minutes until next fetch (next: 2025-10-31 16:10:42)...
[2025-10-31 16:05:42] Listener is active and will continue running...
[2025-10-31 16:10:52] === Fetch #2 - Starting orderbook fetch for KXNHLSPREAD-25NOV01CARBOS-BOS1 ===
[2025-10-31 16:10:52] Orderbook snapshot #14 saved for KXNHLSPREAD-25NOV01CARBOS-BOS1 to /Users/twilliams/Kalshi_MM/data/orderbookData/orderBook_KXNHLSPREAD-25NOV01CARBOS-BOS1.json (total snapshots: 14)
[2025-10-31 16:10:52] ✓ Successfully fetched and saved orderbook (fetch #2)
[2025-10-31 16:10:52] Waiting 5 minutes until next fetch (next: 2025-10-31 16:15:52)...
[2025-10-31 16:10:52] Listener is active and will continue running...
[2025-10-31 16:15:52] === Fetch #3 - Starting orderbook fetch for KXNHLSPREAD-25NOV01CARBOS-BOS1 ===
[2025-10-31 16:15:52] Orderbook snapshot #15 saved for KXNHLSPREAD-25NOV01CARBOS-BOS1 to /Users/twilliams/Kalshi_MM/data/orderbookData/orderBook_KXNHLSPREAD-25NOV01CARBOS-BOS1.json (total snapshots: 15)
[2025-10-31 16:15:52] ✓ Successfully fetched and saved orderbook (fetch #3)
[2025-10-31 16:15:52] Waiting 5 minutes until next fetch (next: 2025-10-31 16:20:52)...
[2025-10-31 16:15:52] Listener is active and will continue running...
[2025-10-31 16:20:52] === Fetch #4 - Starting orderbook fetch for KXNHLSPREAD-25NOV01CARBOS-BOS1 ===
[2025-10-31 16:20:53] Orderbook snapshot #16 saved for KXNHLSPREAD-25NOV01CARBOS-BOS1 to /Users/twilliams/Kalshi_MM/data/orderbookData/orderBook_KXNHLSPREAD-25NOV01CARBOS-BOS1.json (total snapshots: 16)
[2025-10-31 16:20:52] ✓ Successfully fetched and saved orderbook (fetch #4)
[2025-10-31 16:20:53] Waiting 5 minutes until next fetch (next: 2025-10-31 16:25:53)...
[2025-10-31 16:20:53] Listener is active and will continue running...
[2025-10-31 16:25:53] === Fetch #5 - Starting orderbook fetch for KXNHLSPREAD-25NOV01CARBOS-BOS1 ===
[2025-10-31 16:25:53] Orderbook snapshot #17 saved for KXNHLSPREAD-25NOV01CARBOS-BOS1 to /Users/twilliams/Kalshi_MM/data/orderbookData/orderBook_KXNHLSPREAD-25NOV01CARBOS-BOS1.json (total snapshots: 17)
[2025-10-31 16:25:53] ✓ Successfully fetched and saved orderbook (fetch #5)
[2025-10-31 16:25:53] Waiting 5 minutes until next fetch (next: 2025-10-31 16:30:53)...
[2025-10-31 16:25:53] Listener is active and will continue running...
[2025-10-31 16:30:53] === Fetch #6 - Starting orderbook fetch for KXNHLSPREAD-25NOV01CARBOS-BOS1 ===
[2025-10-31 16:30:53] Orderbook snapshot #18 saved for KXNHLSPREAD-25NOV01CARBOS-BOS1 to /Users/twilliams/Kalshi_MM/data/orderbookData/orderBook_KXNHLSPREAD-25NOV01CARBOS-BOS1.json (total snapshots: 18)
[2025-10-31 16:30:53] ✓ Successfully fetched and saved orderbook (fetch #6)
[2025-10-31 16:30:53] Waiting 5 minutes until next fetch (next: 2025-10-31 16:35:53)...
[2025-10-31 16:30:53] Listener is active and will continue running...
[2025-10-31 16:35:53] === Fetch #7 - Starting orderbook fetch for KXNHLSPREAD-25NOV01CARBOS-BOS1 ===
[2025-10-31 16:35:53] Orderbook snapshot #19 saved for KXNHLSPREAD-25NOV01CARBOS-BOS1 to /Users/twilliams/Kalshi_MM/data/orderbookData/orderBook_KXNHLSPREAD-25NOV01CARBOS-BOS1.json (total snapshots: 19)
[2025-10-31 16:35:53] ✓ Successfully fetched and saved orderbook (fetch #7)
[2025-10-31 16:35:53] Waiting 5 minutes until next fetch (next: 2025-10-31 16:40:53)...
[2025-10-31 16:35:53] Listener is active and will continue running...
[2025-10-31 16:40:53] === Fetch #8 - Starting orderbook fetch for KXNHLSPREAD-25NOV01CARBOS-BOS1 ===
[2025-10-31 16:40:54] Orderbook snapshot #20 saved for KXNHLSPREAD-25NOV01CARBOS-BOS1 to /Users/twilliams/Kalshi_MM/data/orderbookData/orderBook_KXNHLSPREAD-25NOV01CARBOS-BOS1.json (total snapshots: 20)
[2025-10-31 16:40:53] ✓ Successfully fetched and saved orderbook (fetch #8)
[2025-10-31 16:40:54] Waiting 5 minutes until next fetch (next: 2025-10-31 16:45:54)...
[2025-10-31 16:40:54] Listener is active and will continue running...
[2025-10-31 16:45:54] === Fetch #9 - Starting orderbook fetch for KXNHLSPREAD-25NOV01CARBOS-BOS1 ===
[2025-10-31 16:45:54] Orderbook snapshot #21 saved for KXNHLSPREAD-25NOV01CARBOS-BOS1 to /Users/twilliams/Kalshi_MM/data/orderbookData/orderBook_KXNHLSPREAD-25NOV01CARBOS-BOS1.json (total snapshots: 21)
[2025-10-31 16:45:54] ✓ Successfully fetched and saved orderbook (fetch #9)
[2025-10-31 16:45:54] Waiting 5 minutes until next fetch (next: 2025-10-31 16:50:54)...
[2025-10-31 16:45:54] Listener is active and will continue running...
[2025-10-31 16:50:54] === Fetch #10 - Starting orderbook fetch for KXNHLSPREAD-25NOV01CARBOS-BOS1 ===
[2025-10-31 16:50:54] Orderbook snapshot #22 saved for KXNHLSPREAD-25NOV01CARBOS-BOS1 to /Users/twilliams/Kalshi_MM/data/orderbookData/orderBook_KXNHLSPREAD-25NOV01CARBOS-BOS1.json (total snapshots: 22)
[2025-10-31 16:50:54] ✓ Successfully fetched and saved orderbook (fetch #10)
[2025-10-31 16:50:54] Waiting 5 minutes until next fetch (next: 2025-10-31 16:55:54)...
[2025-10-31 16:50:54] Listener is active and will continue running...
[2025-10-31 16:55:54] === Fetch #11 - Starting orderbook fetch for KXNHLSPREAD-25NOV01CARBOS-BOS1 ===
[2025-10-31 16:55:54] Orderbook snapshot #23 saved for KXNHLSPREAD-25NOV01CARBOS-BOS1 to /Users/twilliams/Kalshi_MM/data/orderbookData/orderBook_KXNHLSPREAD-25NOV01CARBOS-BOS1.json (total snapshots: 23)
[2025-10-31 16:55:54] ✓ Successfully fetched and saved orderbook (fetch #11)
[2025-10-31 16:55:54] Waiting 5 minutes until next fetch (next: 2025-10-31 17:00:54)...
[2025-10-31 16:55:54] Listener is active and will continue running...
[2025-10-31 17:00:54] === Fetch #12 - Starting orderbook fetch for KXNHLSPREAD-25NOV01CARBOS-BOS1 ===
[2025-10-31 17:00:54] Orderbook snapshot #24 saved for KXNHLSPREAD-25NOV01CARBOS-BOS1 to /Users/twilliams/Kalshi_MM/data/orderbookData/orderBook_KXNHLSPREAD-25NOV01CARBOS-BOS1.json (total snapshots: 24)
[2025-10-31 17:00:54] ✓ Successfully fetched and saved orderbook (fetch #12)
[2025-10-31 17:00:54] Waiting 5 minutes until next fetch (next: 2025-10-31 17:05:54)...
[2025-10-31 17:00:54] Listener is active and will continue running...
[2025-10-31 17:05:54] === Fetch #13 - Starting orderbook fetch for KXNHLSPREAD-25NOV01CARBOS-BOS1 ===
[2025-10-31 17:05:54] Orderbook snapshot #25 saved for KXNHLSPREAD-25NOV01CARBOS-BOS1 to /Users/twilliams/Kalshi_MM/data/orderbookData/orderBook_KXNHLSPREAD-25NOV01CARBOS-BOS1.json (total snapshots: 25)
[2025-10-31 17:05:54] ✓ Successfully fetched and saved orderbook (fetch #13)
[2025-10-31 17:05:54] Waiting 5 minutes until next fetch (next: 2025-10-31 17:10:54)...
[2025-10-31 17:05:54] Listener is active and will continue running...
[2025-10-31 17:10:54] === Fetch #14 - Starting orderbook fetch for KXNHLSPREAD-25NOV01CARBOS-BOS1 ===
[2025-10-31 17:10:55] Orderbook snapshot #26 saved for KXNHLSPREAD-25NOV01CARBOS-BOS1 to /Users/twilliams/Kalshi_MM/data/orderbookData/orderBook_KXNHLSPREAD-25NOV01CARBOS-BOS1.json (total snapshots: 26)
[2025-10-31 17:10:54] ✓ Successfully fetched and saved orderbook (fetch #14)
[2025-10-31 17:10:55] Waiting 5 minutes until next fetch (next: 2025-10-31 17:15:55)...
[2025-10-31 17:10:55] Listener is active and will continue running...
[2025-10-31 17:15:55] === Fetch #15 - Starting orderbook fetch for KXNHLSPREAD-25NOV01CARBOS-BOS1 ===
[2025-10-31 17:15:55] Orderbook snapshot #27 saved for KXNHLSPREAD-25NOV01CARBOS-BOS1 to /Users/twilliams/Kalshi_MM/data/orderbookData/orderBook_KXNHLSPREAD-25NOV01CARBOS-BOS1.json (total snapshots: 27)
[2025-10-31 17:15:55] ✓ Successfully fetched and saved orderbook (fetch #15)
[2025-10-31 17:15:55] Waiting 5 minutes until next fetch (next: 2025-10-31 17:20:55)...
[2025-10-31 17:15:55] Listener is active and will continue running...
[2025-10-31 17:20:55] === Fetch #16 - Starting orderbook fetch for KXNHLSPREAD-25NOV01CARBOS-BOS1 ===
[2025-10-31 17:20:55] Orderbook snapshot #28 saved for KXNHLSPREAD-25NOV01CARBOS-BOS1 to /Users/twilliams/Kalshi_MM/data/orderbookData/orderBook_KXNHLSPREAD-25NOV01CARBOS-BOS1.json (total snapshots: 28)
[2025-10-31 17:20:55] ✓ Successfully fetched and saved orderbook (fetch #16)
[2025-10-31 17:20:55] Waiting 5 minutes until next fetch (next: 2025-10-31 17:25:55)...
[2025-10-31 17:20:55] Listener is active and will continue running...
[2025-10-31 17:25:55] === Fetch #17 - Starting orderbook fetch for KXNHLSPREAD-25NOV01CARBOS-BOS1 ===
[2025-10-31 17:25:55] Orderbook snapshot #29 saved for KXNHLSPREAD-25NOV01CARBOS-BOS1 to /Users/twilliams/Kalshi_MM/data/orderbookData/orderBook_KXNHLSPREAD-25NOV01CARBOS-BOS1.json (total snapshots: 29)
[2025-10-31 17:25:55] ✓ Successfully fetched and saved orderbook (fetch #17)
[2025-10-31 17:25:55] Waiting 5 minutes until next fetch (next: 2025-10-31 17:30:55)...
[2025-10-31 17:25:55] Listener is active and will continue running...
[2025-10-31 17:30:55] === Fetch #18 - Starting orderbook fetch for KXNHLSPREAD-25NOV01CARBOS-BOS1 ===
[2025-10-31 17:30:55] Orderbook snapshot #30 saved for KXNHLSPREAD-25NOV01CARBOS-BOS1 to /Users/twilliams/Kalshi_MM/data/orderbookData/orderBook_KXNHLSPREAD-25NOV01CARBOS-BOS1.json (total snapshots: 30)
[2025-10-31 17:30:55] ✓ Successfully fetched and saved orderbook (fetch #18)
[2025-10-31 17:30:55] Waiting 5 minutes until next fetch (next: 2025-10-31 17:35:55)...
[2025-10-31 17:30:55] Listener is active and will continue running...
[2025-10-31 17:35:55] === Fetch #19 - Starting orderbook fetch for KXNHLSPREAD-25NOV01CARBOS-BOS1 ===
[2025-10-31 17:35:55] Orderbook snapshot #31 saved for KXNHLSPREAD-25NOV01CARBOS-BOS1 to /Users/twilliams/Kalshi_MM/data/orderbookData/orderBook_KXNHLSPREAD-25NOV01CARBOS-BOS1.json (total snapshots: 31)
[2025-10-31 17:35:55] ✓ Successfully fetched and saved orderbook (fetch #19)
[2025-10-31 17:35:55] Waiting 5 minutes until next fetch (next: 2025-10-31 17:40:55)...
[2025-10-31 17:35:55] Listener is active and will continue running...
[2025-10-31 17:40:55] === Fetch #20 - Starting orderbook fetch for KXNHLSPREAD-25NOV01CARBOS-BOS1 ===
[2025-10-31 17:40:56] Orderbook snapshot #32 saved for KXNHLSPREAD-25NOV01CARBOS-BOS1 to /Users/twilliams/Kalshi_MM/data/orderbookData/orderBook_KXNHLSPREAD-25NOV01CARBOS-BOS1.json (total snapshots: 32)
[2025-10-31 17:40:55] ✓ Successfully fetched and saved orderbook (fetch #20)
[2025-10-31 17:40:56] Waiting 5 minutes until next fetch (next: 2025-10-31 17:45:56)...
[2025-10-31 17:40:56] Listener is active and will continue running...
[2025-10-31 17:45:56] === Fetch #21 - Starting orderbook fetch for KXNHLSPREAD-25NOV01CARBOS-BOS1 ===
[2025-10-31 17:45:56] Orderbook snapshot #33 saved for KXNHLSPREAD-25NOV01CARBOS-BOS1 to /Users/twilliams/Kalshi_MM/data/orderbookData/orderBook_KXNHLSPREAD-25NOV01CARBOS-BOS1.json (total snapshots: 33)
[2025-10-31 17:45:56] ✓ Successfully fetched and saved orderbook (fetch #21)
[2025-10-31 17:45:56] Waiting 5 minutes until next fetch (next: 2025-10-31 17:50:56)...
[2025-10-31 17:45:56] Listener is active and will continue running...
[2025-10-31 17:50:56] === Fetch #22 - Starting orderbook fetch for KXNHLSPREAD-25NOV01CARBOS-BOS1 ===
[2025-10-31 17:50:56] Orderbook snapshot #34 saved for KXNHLSPREAD-25NOV01CARBOS-BOS1 to /Users/twilliams/Kalshi_MM/data/orderbookData/orderBook_KXNHLSPREAD-25NOV01CARBOS-BOS1.json (total snapshots: 34)
[2025-10-31 17:50:56] ✓ Successfully fetched and saved orderbook (fetch #22)
[2025-10-31 17:50:56] Waiting 5 minutes until next fetch (next: 2025-10-31 17:55:56)...
[2025-10-31 17:50:56] Listener is active and will continue running...
[2025-10-31 17:55:56] === Fetch #23 - Starting orderbook fetch for KXNHLSPREAD-25NOV01CARBOS-BOS1 ===
[2025-10-31 17:55:56] Orderbook snapshot #35 saved for KXNHLSPREAD-25NOV01CARBOS-BOS1 to /Users/twilliams/Kalshi_MM/data/orderbookData/orderBook_KXNHLSPREAD-25NOV01CARBOS-BOS1.json (total snapshots: 35)
[2025-10-31 17:55:56] ✓ Successfully fetched and saved orderbook (fetch #23)
[2025-10-31 17:55:56] Waiting 5 minutes until next fetch (next: 2025-10-31 18:00:56)...
[2025-10-31 17:55:56] Listener is active and will continue running...
[2025-10-31 18:00:56] === Fetch #24 - Starting orderbook fetch for KXNHLSPREAD-25NOV01CARBOS-BOS1 ===
[2025-10-31 18:00:56] Orderbook snapshot #36 saved for KXNHLSPREAD-25NOV01CARBOS-BOS1 to /Users/twilliams/Kalshi_MM/data/orderbookData/orderBook_KXNH LSPREAD-25NOV01CARBOS-BOS1.json (total snapshots: 36)
[2025-10-31 18:00:56] ✓ Successfully fetched and saved orderbook (fetch #24)
[2025-10-31 18:00:56] Waiting 5 minutes until next fetch (next: 2025-10-31 18:05:56)...
[2025-10-31 18:00:56] Listener is active and will continue running...
[2025-10-31 18:05:56] === Fetch #25 - Starting orderbook fetch for KXNHLSPREAD-25NOV01CARBOS-BOS1 ===
[2025-10-31 18:05:57] Orderbook snapshot #37 saved for KXNHLSPREAD-25NOV01CARBOS-BOS1 to /Users/twilliams/Kalshi_MM/data/orderbookData/orderBook_KXNHLSPREAD-25NOV01CARBOS-BOS1.json (total snapshots: 37)
[2025-10-31 18:05:56] ✓ Successfully fetched and saved orderbook (fetch #25)
[2025-10-31 18:05:57] Waiting 5 minutes until next fetch (next: 2025-10-31 18:10:57)...
[2025-10-31 18:05:57] Listener is active and will continue running...
[2025-10-31 18:10:57] === Fetch #26 - Starting orderbook fetch for KXNHLSPREAD-25NOV01CARBOS-BOS1 ===
[2025-10-31 18:10:57] Orderbook snapshot #38 saved for KXNHLSPREAD-25NOV01CARBOS-BOS1 to /Users/twilliams/Kalshi_MM/data/orderbookData/orderBook_KXNHLSPREAD-25NOV01CARBOS-BOS1.json (total snapshots: 38)
[2025-10-31 18:10:57] ✓ Successfully fetched and saved orderbook (fetch #26)
[2025-10-31 18:10:57] Waiting 5 minutes until next fetch (next: 2025-10-31 18:15:57)...
[2025-10-31 18:10:57] Listener is active and will continue running...
[2025-10-31 18:15:57] === Fetch #27 - Starting orderbook fetch for KXNHLSPREAD-25NOV01CARBOS-BOS1 ===
[2025-10-31 18:15:57] Orderbook snapshot #39 saved for KXNHLSPREAD-25NOV01CARBOS-BOS1 to /Users/twilliams/Kalshi_MM/data/orderbookData/orderBook_KXNHLSPREAD-25NOV01CARBOS-BOS1.json (total snapshots: 39)
[2025-10-31 18:15:57] ✓ Successfully fetched and saved orderbook (fetch #27)
[2025-10-31 18:15:57] Waiting 5 minutes until next fetch (next: 2025-10-31 18:20:57)...
[2025-10-31 18:15:57] Listener is active and will continue running...
[2025-10-31 18:20:58] === Fetch #28 - Starting orderbook fetch for KXNHLSPREAD-25NOV01CARBOS-BOS1 ===
[2025-10-31 18:20:58] Orderbook snapshot #40 saved for KXNHLSPREAD-25NOV01CARBOS-BOS1 to /Users/twilliams/Kalshi_MM/data/orderbookData/orderBook_KXNHLSPREAD-25NOV01CARBOS-BOS1.json (total snapshots: 40)
[2025-10-31 18:20:58] ✓ Successfully fetched and saved orderbook (fetch #28)
[2025-10-31 18:20:58] Waiting 5 minutes until next fetch (next: 2025-10-31 18:25:58)...
[2025-10-31 18:20:58] Listener is active and will continue running...
[2025-10-31 19:14:32] === Fetch #29 - Starting orderbook fetch for KXNHLSPREAD-25NOV01CARBOS-BOS1 ===
[2025-10-31 19:14:32] Orderbook snapshot #41 saved for KXNHLSPREAD-25NOV01CARBOS-BOS1 to /Users/twilliams/Kalshi_MM/data/orderbookData/orderBook_KXNHLSPREAD-25NOV01CARBOS-BOS1.json (total snapshots: 41)
[2025-10-31 19:14:32] ✓ Successfully fetched and saved orderbook (fetch #29)
[2025-10-31 19:14:32] Waiting 5 minutes until next fetch (next: 2025-10-31 19:19:32)...
[2025-10-31 19:14:32] Listener is active and will continue running...
[2025-10-31 19:21:41] === Fetch #30 - Starting orderbook fetch for KXNHLSPREAD-25NOV01CARBOS-BOS1 ===
[2025-10-31 19:21:41] Orderbook snapshot #42 saved for KXNHLSPREAD-25NOV01CARBOS-BOS1 to /Users/twilliams/Kalshi_MM/data/orderbookData/orderBook_KXNHLSPREAD-25NOV01CARBOS-BOS1.json (total snapshots: 42)
[2025-10-31 19:21:41] ✓ Successfully fetched and saved orderbook (fetch #30)
[2025-10-31 19:21:41] Waiting 5 minutes until next fetch (next: 2025-10-31 19:26:41)...
[2025-10-31 19:21:41] Listener is active and will continue running...
[2025-10-31 19:26:41] === Fetch #31 - Starting orderbook fetch for KXNHLSPREAD-25NOV01CARBOS-BOS1 ===
[2025-10-31 19:26:41] Orderbook snapshot #43 saved for KXNHLSPREAD-25NOV01CARBOS-BOS1 to /Users/twilliams/Kalshi_MM/data/orderbookData/orderBook_KXNHLSPREAD-25NOV01CARBOS-BOS1.json (total snapshots: 43)
[2025-10-31 19:26:41] ✓ Successfully fetched and saved orderbook (fetch #31)
[2025-10-31 19:26:41] Waiting 5 minutes until next fetch (next: 2025-10-31 19:31:41)...
[2025-10-31 19:26:41] Listener is active and will continue running...
[2025-10-31 19:31:41] === Fetch #32 - Starting orderbook fetch for KXNHLSPREAD-25NOV01CARBOS-BOS1 ===
[2025-10-31 19:31:41] Orderbook snapshot #44 saved for KXNHLSPREAD-25NOV01CARBOS-BOS1 to /Users/twilliams/Kalshi_MM/data/orderbookData/orderBook_KXNHLSPREAD-25NOV01CARBOS-BOS1.json (total snapshots: 44)
[2025-10-31 19:31:41] ✓ Successfully fetched and saved orderbook (fetch #32)
[2025-10-31 19:31:41] Waiting 5 minutes until next fetch (next: 2025-10-31 19:36:41)...
[2025-10-31 19:31:41] Listener is active and will continue running...
[2025-10-31 19:36:41] === Fetch #33 - Starting orderbook fetch for KXNHLSPREAD-25NOV01CARBOS-BOS1 ===
[2025-10-31 19:36:42] Orderbook snapshot #45 saved for KXNHLSPREAD-25NOV01CARBOS-BOS1 to /Users/twilliams/Kalshi_MM/data/orderbookData/orderBook_KXNHLSPREAD-25NOV01CARBOS-BOS1.json (total snapshots: 45)
[2025-10-31 19:36:41] ✓ Successfully fetched and saved orderbook (fetch #33)
[2025-10-31 19:36:42] Waiting 5 minutes until next fetch (next: 2025-10-31 19:41:42)...
[2025-10-31 19:36:42] Listener is active and will continue running...
[2025-10-31 19:41:42] === Fetch #34 - Starting orderbook fetch for KXNHLSPREAD-25NOV01CARBOS-BOS1 ===
[2025-10-31 19:41:42] Orderbook snapshot #46 saved for KXNHLSPREAD-25NOV01CARBOS-BOS1 to /Users/twilliams/Kalshi_MM/data/orderbookData/orderBook_KXNHLSPREAD-25NOV01CARBOS-BOS1.json (total snapshots: 46)
[2025-10-31 19:41:42] ✓ Successfully fetched and saved orderbook (fetch #34)
[2025-10-31 19:41:42] Waiting 5 minutes until next fetch (next: 2025-10-31 19:46:42)...
[2025-10-31 19:41:42] Listener is active and will continue running...
[2025-10-31 19:46:42] === Fetch #35 - Starting orderbook fetch for KXNHLSPREAD-25NOV01CARBOS-BOS1 ===
[2025-10-31 19:46:42] Orderbook snapshot #47 saved for KXNHLSPREAD-25NOV01CARBOS-BOS1 to /Users/twilliams/Kalshi_MM/data/orderbookData/orderBook_KXNHLSPREAD-25NOV01CARBOS-BOS1.json (total snapshots: 47)
[2025-10-31 19:46:42] ✓ Successfully fetched and saved orderbook (fetch #35)
[2025-10-31 19:46:42] Waiting 5 minutes until next fetch (next: 2025-10-31 19:51:42)...
[2025-10-31 19:46:42] Listener is active and will continue running...
[2025-10-31 19:51:42] === Fetch #36 - Starting orderbook fetch for KXNHLSPREAD-25NOV01CARBOS-BOS1 ===
[2025-10-31 19:51:42] Orderbook snapshot #48 saved for KXNHLSPREAD-25NOV01CARBOS-BOS1 to /Users/twilliams/Kalshi_MM/data/orderbookData/orderBook_KXNHLSPREAD-25NOV01CARBOS-BOS1.json (total snapshots: 48)
[2025-10-31 19:51:42] ✓ Successfully fetched and saved orderbook (fetch #36)
[2025-10-31 19:51:42] Waiting 5 minutes until next fetch (next: 2025-10-31 19:56:42)...
[2025-10-31 19:51:42] Listener is active and will continue running...
[2025-10-31 19:56:42] === Fetch #37 - Starting orderbook fetch for KXNHLSPREAD-25NOV01CARBOS-BOS1 ===
[2025-10-31 19:56:42] Orderbook snapshot #49 saved for KXNHLSPREAD-25NOV01CARBOS-BOS1 to /Users/twilliams/Kalshi_MM/data/orderbookData/orderBook_KXNHLSPREAD-25NOV01CARBOS-BOS1.json (total snapshots: 49)
[2025-10-31 19:56:42] ✓ Successfully fetched and saved orderbook (fetch #37)
[2025-10-31 19:56:42] Waiting 5 minutes until next fetch (next: 2025-10-31 20:01:42)...
[2025-10-31 19:56:42] Listener is active and will continue running...
[2025-10-31 20:01:42] === Fetch #38 - Starting orderbook fetch for KXNHLSPREAD-25NOV01CARBOS-BOS1 ===
[2025-10-31 20:01:42] Orderbook snapshot #50 saved for KXNHLSPREAD-25NOV01CARBOS-BOS1 to /Users/twilliams/Kalshi_MM/data/orderbookData/orderBook_KXNHLSPREAD-25NOV01CARBOS-BOS1.json (total snapshots: 50)
[2025-10-31 20:01:42] ✓ Successfully fetched and saved orderbook (fetch #38)
[2025-10-31 20:01:42] Waiting 5 minutes until next fetch (next: 2025-10-31 20:06:42)...
[2025-10-31 20:01:42] Listener is active and will continue running...
[2025-10-31 20:06:42] === Fetch #39 - Starting orderbook fetch for KXNHLSPREAD-25NOV01CARBOS-BOS1 ===
[2025-10-31 20:06:43] Orderbook snapshot #51 saved for KXNHLSPREAD-25NOV01CARBOS-BOS1 to /Users/twilliams/Kalshi_MM/data/orderbookData/orderBook_KXNHLSPREAD-25NOV01CARBOS-BOS1.json (total snapshots: 51)
[2025-10-31 20:06:42] ✓ Successfully fetched and saved orderbook (fetch #39)
[2025-10-31 20:06:43] Waiting 5 minutes until next fetch (next: 2025-10-31 20:11:43)...
[2025-10-31 20:06:43] Listener is active and will continue running...
[2025-10-31 20:11:43] === Fetch #40 - Starting orderbook fetch for KXNHLSPREAD-25NOV01CARBOS-BOS1 ===
[2025-10-31 20:11:43] Orderbook snapshot #52 saved for KXNHLSPREAD-25NOV01CARBOS-BOS1 to /Users/twilliams/Kalshi_MM/data/orderbookData/orderBook_KXNHLSPREAD-25NOV01CARBOS-BOS1.json (total snapshots: 52)
[2025-10-31 20:11:43] ✓ Successfully fetched and saved orderbook (fetch #40)
[2025-10-31 20:11:43] Waiting 5 minutes until next fetch (next: 2025-10-31 20:16:43)...
[2025-10-31 20:11:43] Listener is active and will continue running...
[2025-10-31 20:16:43] === Fetch #41 - Starting orderbook fetch for KXNHLSPREAD-25NOV01CARBOS-BOS1 ===
[2025-10-31 20:16:43] Orderbook snapshot #53 saved for KXNHLSPREAD-25NOV01CARBOS-BOS1 to /Users/twilliams/Kalshi_MM/data/orderbookData/orderBook_KXNHLSPREAD-25NOV01CARBOS-BOS1.json (total snapshots: 53)
[2025-10-31 20:16:43] ✓ Successfully fetched and saved orderbook (fetch #41)
[2025-10-31 20:16:43] Waiting 5 minutes until next fetch (next: 2025-10-31 20:21:43)...
[2025-10-31 20:16:43] Listener is active and will continue running...
[2025-10-31 20:21:43] === Fetch #42 - Starting orderbook fetch for KXNHLSPREAD-25NOV01CARBOS-BOS1 ===
[2025-10-31 20:21:43] Orderbook snapshot #54 saved for KXNHLSPREAD-25NOV01CARBOS-BOS1 to /Users/twilliams/Kalshi_MM/data/orderbookData/orderBook_KXNHLSPREAD-25NOV01CARBOS-BOS1.json (total snapshots: 54)
[2025-10-31 20:21:43] ✓ Successfully fetched and saved orderbook (fetch #42)
[2025-10-31 20:21:43] Waiting 5 minutes until next fetch (next: 2025-10-31 20:26:43)...
[2025-10-31 20:21:43] Listener is active and will continue running...
[2025-10-31 20:26:43] === Fetch #43 - Starting orderbook fetch for KXNHLSPREAD-25NOV01CARBOS-BOS1 ===
[2025-10-31 20:26:44] Orderbook snapshot #55 saved for KXNHLSPREAD-25NOV01CARBOS-BOS1 to /Users/twilliams/Kalshi_MM/data/orderbookData/orderBook_KXNHLSPREAD-25NOV01CARBOS-BOS1.json (total snapshots: 55)
[2025-10-31 20:26:43] ✓ Successfully fetched and saved orderbook (fetch #43)
[2025-10-31 20:26:44] Waiting 5 minutes until next fetch (next: 2025-10-31 20:31:44)...
[2025-10-31 20:26:44] Listener is active and will continue running...
[2025-10-31 20:31:44] === Fetch #44 - Starting orderbook fetch for KXNHLSPREAD-25NOV01CARBOS-BOS1 ===
[2025-10-31 20:31:44] Orderbook snapshot #56 saved for KXNHLSPREAD-25NOV01CARBOS-BOS1 to /Users/twilliams/Kalshi_MM/data/orderbookData/orderBook_KXNHLSPREAD-25NOV01CARBOS-BOS1.json (total snapshots: 56)
[2025-10-31 20:31:44] ✓ Successfully fetched and saved orderbook (fetch #44)
[2025-10-31 20:31:44] Waiting 5 minutes until next fetch (next: 2025-10-31 20:36:44)...
[2025-10-31 20:31:44] Listener is active and will continue running...
[2025-10-31 20:36:44] === Fetch #45 - Starting orderbook fetch for KXNHLSPREAD-25NOV01CARBOS-BOS1 ===
[2025-10-31 20:36:45] Orderbook snapshot #57 saved for KXNHLSPREAD-25NOV01CARBOS-BOS1 to /Users/twilliams/Kalshi_MM/data/orderbookData/orderBook_KXNHLSPREAD-25NOV01CARBOS-BOS1.json (total snapshots: 57)
[2025-10-31 20:36:44] ✓ Successfully fetched and saved orderbook (fetch #45)
[2025-10-31 20:36:45] Waiting 5 minutes until next fetch (next: 2025-10-31 20:41:45)...
[2025-10-31 20:36:45] Listener is active and will continue running...
[2025-10-31 20:41:45] === Fetch #46 - Starting orderbook fetch for KXNHLSPREAD-25NOV01CARBOS-BOS1 ===
[2025-10-31 20:41:45] Orderbook snapshot #58 saved for KXNHLSPREAD-25NOV01CARBOS-BOS1 to /Users/twilliams/Kalshi_MM/data/orderbookData/orderBook_KXNHLSPREAD-25NOV01CARBOS-BOS1.json (total snapshots: 58)
[2025-10-31 20:41:45] ✓ Successfully fetched and saved orderbook (fetch #46)
[2025-10-31 20:41:45] Waiting 5 minutes until next fetch (next: 2025-10-31 20:46:45)...
[2025-10-31 20:41:45] Listener is active and will continue running...
[2025-10-31 20:46:45] === Fetch #47 - Starting orderbook fetch for KXNHLSPREAD-25NOV01CARBOS-BOS1 ===
[2025-10-31 20:46:45] Orderbook snapshot #59 saved for KXNHLSPREAD-25NOV01CARBOS-BOS1 to /Users/twilliams/Kalshi_MM/data/orderbookData/orderBook_KXNHLSPREAD-25NOV01CARBOS-BOS1.json (total snapshots: 59)
[2025-10-31 20:46:45] ✓ Successfully fetched and saved orderbook (fetch #47)
[2025-10-31 20:46:45] Waiting 5 minutes until next fetch (next: 2025-10-31 20:51:45)...
[2025-10-31 20:46:45] Listener is active and will continue running...
[2025-10-31 20:51:45] === Fetch #48 - Starting orderbook fetch for KXNHLSPREAD-25NOV01CARBOS-BOS1 ===
[2025-10-31 20:51:45] Orderbook snapshot #60 saved for KXNHLSPREAD-25NOV01CARBOS-BOS1 to /Users/twilliams/Kalshi_MM/data/orderbookData/orderBook_KXNHLSPREAD-25NOV01CARBOS-BOS1.json (total snapshots: 60)
[2025-10-31 20:51:45] ✓ Successfully fetched and saved orderbook (fetch #48)
[2025-10-31 20:51:45] Waiting 5 minutes until next fetch (next: 2025-10-31 20:56:45)...
[2025-10-31 20:51:45] Listener is active and will continue running...
[2025-10-31 20:56:45] === Fetch #49 - Starting orderbook fetch for KXNHLSPREAD-25NOV01CARBOS-BOS1 ===
[2025-10-31 20:56:45] Orderbook snapshot #61 saved for KXNHLSPREAD-25NOV01CARBOS-BOS1 to /Users/twilliams/Kalshi_MM/data/orderbookData/orderBook_KXNHLSPREAD-25NOV01CARBOS-BOS1.json (total snapshots: 61)
[2025-10-31 20:56:45] ✓ Successfully fetched and saved orderbook (fetch #49)
[2025-10-31 20:56:45] Waiting 5 minutes until next fetch (next: 2025-10-31 21:01:45)...
[2025-10-31 20:56:45] Listener is active and will continue running...
[2025-10-31 21:01:45] === Fetch #50 - Starting orderbook fetch for KXNHLSPREAD-25NOV01CARBOS-BOS1 ===
[2025-10-31 21:01:45] Orderbook snapshot #62 saved for KXNHLSPREAD-25NOV01CARBOS-BOS1 to /Users/twilliams/Kalshi_MM/data/orderbookData/orderBook_KXNHLSPREAD-25NOV01CARBOS-BOS1.json (total snapshots: 62)
[2025-10-31 21:01:45] ✓ Successfully fetched and saved orderbook (fetch #50)
[2025-10-31 21:01:45] Waiting 5 minutes until next fetch (next: 2025-10-31 21:06:45)...
[2025-10-31 21:01:45] Listener is active and will continue running...
[2025-10-31 21:06:45] === Fetch #51 - Starting orderbook fetch for KXNHLSPREAD-25NOV01CARBOS-BOS1 ===
[2025-10-31 21:06:45] Orderbook snapshot #63 saved for KXNHLSPREAD-25NOV01CARBOS-BOS1 to /Users/twilliams/Kalshi_MM/data/orderbookData/orderBook_KXNHLSPREAD-25NOV01CARBOS-BOS1.json (total snapshots: 63)
[2025-10-31 21:06:45] ✓ Successfully fetched and saved orderbook (fetch #51)
[2025-10-31 21:06:45] Waiting 5 minutes until next fetch (next: 2025-10-31 21:11:45)...
[2025-10-31 21:06:45] Listener is active and will continue running...
[2025-10-31 21:11:45] === Fetch #52 - Starting orderbook fetch for KXNHLSPREAD-25NOV01CARBOS-BOS1 ===
[2025-10-31 21:11:46] Orderbook snapshot #64 saved for KXNHLSPREAD-25NOV01CARBOS-BOS1 to /Users/twilliams/Kalshi_MM/data/orderbookData/orderBook_KXNHLSPREAD-25NOV01CARBOS-BOS1.json (total snapshots: 64)
[2025-10-31 21:11:45] ✓ Successfully fetched and saved orderbook (fetch #52)
[2025-10-31 21:11:46] Waiting 5 minutes until next fetch (next: 2025-10-31 21:16:46)...
[2025-10-31 21:11:46] Listener is active and will continue running...
[2025-10-31 21:16:46] === Fetch #53 - Starting orderbook fetch for KXNHLSPREAD-25NOV01CARBOS-BOS1 ===
[2025-10-31 21:16:46] Orderbook snapshot #65 saved for KXNHLSPREAD-25NOV01CARBOS-BOS1 to /Users/twilliams/Kalshi_MM/data/orderbookData/orderBook_KXNHLSPREAD-25NOV01CARBOS-BOS1.json (total snapshots: 65)
[2025-10-31 21:16:46] ✓ Successfully fetched and saved orderbook (fetch #53)
[2025-10-31 21:16:46] Waiting 5 minutes until next fetch (next: 2025-10-31 21:21:46)...
[2025-10-31 21:16:46] Listener is active and will continue running...
[2025-10-31 21:21:46] === Fetch #54 - Starting orderbook fetch for KXNHLSPREAD-25NOV01CARBOS-BOS1 ===
[2025-10-31 21:21:46] Orderbook snapshot #66 saved for KXNHLSPREAD-25NOV01CARBOS-BOS1 to /Users/twilliams/Kalshi_MM/data/orderbookData/orderBook_KXNHLSPREAD-25NOV01CARBOS-BOS1.json (total snapshots: 66)
[2025-10-31 21:21:46] ✓ Successfully fetched and saved orderbook (fetch #54)
[2025-10-31 21:21:46] Waiting 5 minutes until next fetch (next: 2025-10-31 21:26:46)...
[2025-10-31 21:21:46] Listener is active and will continue running...
[2025-10-31 21:26:46] === Fetch #55 - Starting orderbook fetch for KXNHLSPREAD-25NOV01CARBOS-BOS1 ===
[2025-10-31 21:26:46] Orderbook snapshot #67 saved for KXNHLSPREAD-25NOV01CARBOS-BOS1 to /Users/twilliams/Kalshi_MM/data/orderbookData/orderBook_KXNHLSPREAD-25NOV01CARBOS-BOS1.json (total snapshots: 67)
[2025-10-31 21:26:46] ✓ Successfully fetched and saved orderbook (fetch #55)
[2025-10-31 21:26:46] Waiting 5 minutes until next fetch (next: 2025-10-31 21:31:46)...
[2025-10-31 21:26:46] Listener is active and will continue running...
[2025-10-31 21:31:46] === Fetch #56 - Starting orderbook fetch for KXNHLSPREAD-25NOV01CARBOS-BOS1 ===
[2025-10-31 21:31:46] Orderbook snapshot #68 saved for KXNHLSPREAD-25NOV01CARBOS-BOS1 to /Users/twilliams/Kalshi_MM/data/orderbookData/orderBook_KXNHLSPREAD-25NOV01CARBOS-BOS1.json (total snapshots: 68)
[2025-10-31 21:31:46] ✓ Successfully fetched and saved orderbook (fetch #56)
[2025-10-31 21:31:46] Waiting 5 minutes until next fetch (next: 2025-10-31 21:36:46)...
[2025-10-31 21:31:46] Listener is active and will continue running...
[2025-10-31 21:36:46] === Fetch #57 - Starting orderbook fetch for KXNHLSPREAD-25NOV01CARBOS-BOS1 ===
[2025-10-31 21:36:47] Orderbook snapshot #69 saved for KXNHLSPREAD-25NOV01CARBOS-BOS1 to /Users/twilliams/Kalshi_MM/data/orderbookData/orderBook_KXNHLSPREAD-25NOV01CARBOS-BOS1.json (total snapshots: 69)
[2025-10-31 21:36:46] ✓ Successfully fetched and saved orderbook (fetch #57)
[2025-10-31 21:36:47] Waiting 5 minutes until next fetch (next: 2025-10-31 21:41:47)...
[2025-10-31 21:36:47] Listener is active and will continue running...
[2025-10-31 21:41:47] === Fetch #58 - Starting orderbook fetch for KXNHLSPREAD-25NOV01CARBOS-BOS1 ===
[2025-10-31 21:41:47] Orderbook snapshot #70 saved for KXNHLSPREAD-25NOV01CARBOS-BOS1 to /Users/twilliams/Kalshi_MM/data/orderbookData/orderBook_KXNHLSPREAD-25NOV01CARBOS-BOS1.json (total snapshots: 70)
[2025-10-31 21:41:47] ✓ Successfully fetched and saved orderbook (fetch #58)
[2025-10-31 21:41:47] Waiting 5 minutes until next fetch (next: 2025-10-31 21:46:47)...
[2025-10-31 21:41:47] Listener is active and will continue running...
[2025-10-31 21:46:47] === Fetch #59 - Starting orderbook fetch for KXNHLSPREAD-25NOV01CARBOS-BOS1 ===
[2025-10-31 21:46:47] Orderbook snapshot #71 saved for KXNHLSPREAD-25NOV01CARBOS-BOS1 to /Users/twilliams/Kalshi_MM/data/orderbookData/orderBook_KXNHLSPREAD-25NOV01CARBOS-BOS1.json (total snapshots: 71)
[2025-10-31 21:46:47] ✓ Successfully fetched and saved orderbook (fetch #59)
[2025-10-31 21:46:47] Waiting 5 minutes until next fetch (next: 2025-10-31 21:51:47)...
[2025-10-31 21:46:47] Listener is active and will continue running...
[2025-10-31 21:51:47] === Fetch #60 - Starting orderbook fetch for KXNHLSPREAD-25NOV01CARBOS-BOS1 ===
[2025-10-31 21:51:47] Orderbook snapshot #72 saved for KXNHLSPREAD-25NOV01CARBOS-BOS1 to /Users/twilliams/Kalshi_MM/data/orderbookData/orderBook_KXNHLSPREAD-25NOV01CARBOS-BOS1.json (total snapshots: 72)
[2025-10-31 21:51:47] ✓ Successfully fetched and saved orderbook (fetch #60)
[2025-10-31 21:51:47] Waiting 5 minutes until next fetch (next: 2025-10-31 21:56:47)...
[2025-10-31 21:51:47] Listener is active and will continue running...
[2025-10-31 21:56:47] === Fetch #61 - Starting orderbook fetch for KXNHLSPREAD-25NOV01CARBOS-BOS1 ===
[2025-10-31 21:56:47] Orderbook snapshot #73 saved for KXNHLSPREAD-25NOV01CARBOS-BOS1 to /Users/twilliams/Kalshi_MM/data/orderbookData/orderBook_KXNHLSPREAD-25NOV01CARBOS-BOS1.json (total snapshots: 73)
[2025-10-31 21:56:47] ✓ Successfully fetched and saved orderbook (fetch #61)
[2025-10-31 21:56:47] Waiting 5 minutes until next fetch (next: 2025-10-31 22:01:47)...
[2025-10-31 21:56:47] Listener is active and will continue running...
[2025-10-31 22:01:47] === Fetch #62 - Starting orderbook fetch for KXNHLSPREAD-25NOV01CARBOS-BOS1 ===
[2025-10-31 22:01:48] Orderbook snapshot #74 saved for KXNHLSPREAD-25NOV01CARBOS-BOS1 to /Users/twilliams/Kalshi_MM/data/orderbookData/orderBook_KXNHLSPREAD-25NOV01CARBOS-BOS1.json (total snapshots: 74)
[2025-10-31 22:01:47] ✓ Successfully fetched and saved orderbook (fetch #62)
[2025-10-31 22:01:48] Waiting 5 minutes until next fetch (next: 2025-10-31 22:06:48)...
[2025-10-31 22:01:48] Listener is active and will continue running...
[2025-10-31 22:06:48] === Fetch #63 - Starting orderbook fetch for KXNHLSPREAD-25NOV01CARBOS-BOS1 ===
[2025-10-31 22:06:48] Orderbook snapshot #75 saved for KXNHLSPREAD-25NOV01CARBOS-BOS1 to /Users/twilliams/Kalshi_MM/data/orderbookData/orderBook_KXNHLSPREAD-25NOV01CARBOS-BOS1.json (total snapshots: 75)
[2025-10-31 22:06:48] ✓ Successfully fetched and saved orderbook (fetch #63)
[2025-10-31 22:06:48] Waiting 5 minutes until next fetch (next: 2025-10-31 22:11:48)...
[2025-10-31 22:06:48] Listener is active and will continue running...
