Using Kalshi PRODUCTION environment
Starting orderbook listener for market: KXNHLSPREAD-25NOV01CARBOS-BOS1
Fetching orderbook every 5 minutes...
[2025-10-31 22:09:28] === Fetch #1 - Starting orderbook fetch for KXNHLSPREAD-25NOV01CARBOS-BOS1 ===
[2025-10-31 22:09:28] Orderbook snapshot #76 saved for KXNHLSPREAD-25NOV01CARBOS-BOS1 to /Users/twilliams/Kalshi_MM/data/orderbookData/orderBook_KXNHLSPREAD-25NOV01CARBOS-BOS1.json (total snapshots: 76)
[2025-10-31 22:09:28] ✓ Successfully fetched and saved orderbook (fetch #1)
[2025-10-31 22:09:28] Waiting 5 minutes until next fetch (next: 2025-10-31 22:14:28)...
[2025-10-31 22:09:28] Listener is active and will continue running...
[2025-10-31 22:14:28] === Fetch #2 - Starting orderbook fetch for KXNHLSPREAD-25NOV01CARBOS-BOS1 ===
[2025-10-31 22:14:28] Orderbook snapshot #77 saved for KXNHLSPREAD-25NOV01CARBOS-BOS1 to /Users/twilliams/Kalshi_MM/data/orderbookData/orderBook_KXNHLSPREAD-25NOV01CARBOS-BOS1.json (total snapshots: 77)
[2025-10-31 22:14:28] ✓ Successfully fetched and saved orderbook (fetch #2)
[2025-10-31 22:14:28] Waiting 5 minutes until next fetch (next: 2025-10-31 22:19:28)...
[2025-10-31 22:14:28] Listener is active and will continue running...
[2025-10-31 22:19:47] === Fetch #3 - Starting orderbook fetch for KXNHLSPREAD-25NOV01CARBOS-BOS1 ===
[2025-10-31 22:19:47] Orderbook snapshot #78 saved for KXNHLSPREAD-25NOV01CARBOS-BOS1 to /Users/twilliams/Kalshi_MM/data/orderbookData/orderBook_KXNHLSPREAD-25NOV01CARBOS-BOS1.json (total snapshots: 78)
[2025-10-31 22:19:47] ✓ Successfully fetched and saved orderbook (fetch #3)
[2025-10-31 22:19:47] Waiting 5 minutes until next fetch (next: 2025-10-31 22:24:47)...
[2025-10-31 22:19:47] Listener is active and will continue running...
[2025-10-31 22:35:08] === Fetch #4 - Starting orderbook fetch for KXNHLSPREAD-25NOV01CARBOS-BOS1 ===
[2025-10-31 22:35:08] Orderbook snapshot #79 saved for KXNHLSPREAD-25NOV01CARBOS-BOS1 to /Users/twilliams/Kalshi_MM/data/orderbookData/orderBook_KXNHLSPREAD-25NOV01CARBOS-BOS1.json (total snapshots: 79)
[2025-10-31 22:35:08] ✓ Successfully fetched and saved orderbook (fetch #4)
[2025-10-31 22:35:08] Waiting 5 minutes until next fetch (next: 2025-10-31 22:40:08)...
[2025-10-31 22:35:08] Listener is active and will continue running...
[2025-10-31 22:40:08] === Fetch #5 - Starting orderbook fetch for KXNHLSPREAD-25NOV01CARBOS-BOS1 ===
[2025-10-31 22:40:08] Orderbook snapshot #80 saved for KXNHLSPREAD-25NOV01CARBOS-BOS1 to /Users/twilliams/Kalshi_MM/data/orderbookData/orderBook_KXNHLSPREAD-25NOV01CARBOS-BOS1.json (total snapshots: 80)
[2025-10-31 22:40:08] ✓ Successfully fetched and saved orderbook (fetch #5)
[2025-10-31 22:40:08] Waiting 5 minutes until next fetch (next: 2025-10-31 22:45:08)...
[2025-10-31 22:40:08] Listener is active and will continue running...
[2025-10-31 22:45:08] === Fetch #6 - Starting orderbook fetch for KXNHLSPREAD-25NOV01CARBOS-BOS1 ===
[2025-10-31 22:45:08] Orderbook snapshot #81 saved for KXNHLSPREAD-25NOV01CARBOS-BOS1 to /Users/twilliams/Kalshi_MM/data/orderbookData/orderBook_KXNHLSPREAD-25NOV01CARBOS-BOS1.json (total snapshots: 81)
[2025-10-31 22:45:08] ✓ Successfully fetched and saved orderbook (fetch #6)
[2025-10-31 22:45:08] Waiting 5 minutes until next fetch (next: 2025-10-31 22:50:08)...
[2025-10-31 22:45:08] Listener is active and will continue running...
[2025-10-31 22:50:08] === Fetch #7 - Starting orderbook fetch for KXNHLSPREAD-25NOV01CARBOS-BOS1 ===
[2025-10-31 22:50:08] Orderbook snapshot #82 saved for KXNHLSPREAD-25NOV01CARBOS-BOS1 to /Users/twilliams/Kalshi_MM/data/orderbookData/orderBook_KXNHLSPREAD-25NOV01CARBOS-BOS1.json (total snapshots: 82)
[2025-10-31 22:50:08] ✓ Successfully fetched and saved orderbook (fetch #7)
[2025-10-31 22:50:08] Waiting 5 minutes until next fetch (next: 2025-10-31 22:55:08)...
[2025-10-31 22:50:08] Listener is active and will continue running...
[2025-10-31 22:55:08] === Fetch #8 - Starting orderbook fetch for KXNHLSPREAD-25NOV01CARBOS-BOS1 ===
[2025-10-31 22:55:09] Orderbook snapshot #83 saved for KXNHLSPREAD-25NOV01CARBOS-BOS1 to /Users/twilliams/Kalshi_MM/data/orderbookData/orderBook_KXNHLSPREAD-25NOV01CARBOS-BOS1.json (total snapshots: 83)
[2025-10-31 22:55:08] ✓ Successfully fetched and saved orderbook (fetch #8)
[2025-10-31 22:55:09] Waiting 5 minutes until next fetch (next: 2025-10-31 23:00:09)...
[2025-10-31 22:55:09] Listener is active and will continue running...
[2025-10-31 23:00:09] === Fetch #9 - Starting orderbook fetch for KXNHLSPREAD-25NOV01CARBOS-BOS1 ===
[2025-10-31 23:00:09] Orderbook snapshot #84 saved for KXNHLSPREAD-25NOV01CARBOS-BOS1 to /Users/twilliams/Kalshi_MM/data/orderbookData/orderBook_KXNHLSPREAD-25NOV01CARBOS-BOS1.json (total snapshots: 84)
[2025-10-31 23:00:09] ✓ Successfully fetched and saved orderbook (fetch #9)
[2025-10-31 23:00:09] Waiting 5 minutes until next fetch (next: 2025-10-31 23:05:09)...
[2025-10-31 23:00:09] Listener is active and will continue running...
[2025-10-31 23:05:09] === Fetch #10 - Starting orderbook fetch for KXNHLSPREAD-25NOV01CARBOS-BOS1 ===
[2025-10-31 23:05:09] Orderbook snapshot #85 saved for KXNHLSPREAD-25NOV01CARBOS-BOS1 to /Users/twilliams/Kalshi_MM/data/orderbookData/orderBook_KXNHLSPREAD-25NOV01CARBOS-BOS1.json (total snapshots: 85)
[2025-10-31 23:05:09] ✓ Successfully fetched and saved orderbook (fetch #10)
[2025-10-31 23:05:09] Waiting 5 minutes until next fetch (next: 2025-10-31 23:10:09)...
[2025-10-31 23:05:09] Listener is active and will continue running...
[2025-10-31 23:10:09] === Fetch #11 - Starting orderbook fetch for KXNHLSPREAD-25NOV01CARBOS-BOS1 ===
[2025-10-31 23:10:09] Orderbook snapshot #86 saved for KXNHLSPREAD-25NOV01CARBOS-BOS1 to /Users/twilliams/Kalshi_MM/data/orderbookData/orderBook_KXNHLSPREAD-25NOV01CARBOS-BOS1.json (total snapshots: 86)
[2025-10-31 23:10:09] ✓ Successfully fetched and saved orderbook (fetch #11)
[2025-10-31 23:10:09] Waiting 5 minutes until next fetch (next: 2025-10-31 23:15:09)...
[2025-10-31 23:10:09] Listener is active and will continue running...
[2025-10-31 23:18:44] === Fetch #12 - Starting orderbook fetch for KXNHLSPREAD-25NOV01CARBOS-BOS1 ===
[2025-10-31 23:18:44] Orderbook snapshot #87 saved for KXNHLSPREAD-25NOV01CARBOS-BOS1 to /Users/twilliams/Kalshi_MM/data/orderbookData/orderBook_KXNHLSPREAD-25NOV01CARBOS-BOS1.json (total snapshots: 87)
[2025-10-31 23:18:44] ✓ Successfully fetched and saved orderbook (fetch #12)
[2025-10-31 23:18:44] Waiting 5 minutes until next fetch (next: 2025-10-31 23:23:44)...
[2025-10-31 23:18:44] Listener is active and will continue running...
[2025-10-31 23:23:56] === Fetch #13 - Starting orderbook fetch for KXNHLSPREAD-25NOV01CARBOS-BOS1 ===
[2025-10-31 23:23:57] Orderbook snapshot #88 saved for KXNHLSPREAD-25NOV01CARBOS-BOS1 to /Users/twilliams/Kalshi_MM/data/orderbookData/orderBook_KXNHLSPREAD-25NOV01CARBOS-BOS1.json (total snapshots: 88)
[2025-10-31 23:23:56] ✓ Successfully fetched and saved orderbook (fetch #13)
[2025-10-31 23:23:57] Waiting 5 minutes until next fetch (next: 2025-10-31 23:28:57)...
[2025-10-31 23:23:57] Listener is active and will continue running...
[2025-10-31 23:28:57] === Fetch #14 - Starting orderbook fetch for KXNHLSPREAD-25NOV01CARBOS-BOS1 ===
[2025-10-31 23:28:57] Orderbook snapshot #89 saved for KXNHLSPREAD-25NOV01CARBOS-BOS1 to /Users/twilliams/Kalshi_MM/data/orderbookData/orderBook_KXNHLSPREAD-25NOV01CARBOS-BOS1.json (total snapshots: 89)
[2025-10-31 23:28:57] ✓ Successfully fetched and saved orderbook (fetch #14)
[2025-10-31 23:28:57] Waiting 5 minutes until next fetch (next: 2025-10-31 23:33:57)...
[2025-10-31 23:28:57] Listener is active and will continue running...
[2025-10-31 23:33:57] === Fetch #15 - Starting orderbook fetch for KXNHLSPREAD-25NOV01CARBOS-BOS1 ===
[2025-10-31 23:33:57] Orderbook snapshot #90 saved for KXNHLSPREAD-25NOV01CARBOS-BOS1 to /Users/twilliams/Kalshi_MM/data/orderbookData/orderBook_KXNHLSPREAD-25NOV01CARBOS-BOS1.json (total snapshots: 90)
[2025-10-31 23:33:57] ✓ Successfully fetched and saved orderbook (fetch #15)
[2025-10-31 23:33:57] Waiting 5 minutes until next fetch (next: 2025-10-31 23:38:57)...
[2025-10-31 23:33:57] Listener is active and will continue running...
[2025-10-31 23:38:57] === Fetch #16 - Starting orderbook fetch for KXNHLSPREAD-25NOV01CARBOS-BOS1 ===
[2025-10-31 23:38:57] Orderbook snapshot #91 saved for KXNHLSPREAD-25NOV01CARBOS-BOS1 to /Users/twilliams/Kalshi_MM/data/orderbookData/orderBook_KXNHLSPREAD-25NOV01CARBOS-BOS1.json (total snapshots: 91)
[2025-10-31 23:38:57] ✓ Successfully fetched and saved orderbook (fetch #16)
[2025-10-31 23:38:57] Waiting 5 minutes until next fetch (next: 2025-10-31 23:43:57)...
[2025-10-31 23:38:57] Listener is active and will continue running...
[2025-10-31 23:43:57] === Fetch #17 - Starting orderbook fetch for KXNHLSPREAD-25NOV01CARBOS-BOS1 ===
[2025-10-31 23:43:57] Orderbook snapshot #92 saved for KXNHLSPREAD-25NOV01CARBOS-BOS1 to /Users/twilliams/Kalshi_MM/data/orderbookData/orderBook_KXNHLSPREAD-25NOV01CARBOS-BOS1.json (total snapshots: 92)
[2025-10-31 23:43:57] ✓ Successfully fetched and saved orderbook (fetch #17)
[2025-10-31 23:43:57] Waiting 5 minutes until next fetch (next: 2025-10-31 23:48:57)...
[2025-10-31 23:43:57] Listener is active and will continue running...
[2025-10-31 23:48:57] === Fetch #18 - Starting orderbook fetch for KXNHLSPREAD-25NOV01CARBOS-BOS1 ===
[2025-10-31 23:48:57] Orderbook snapshot #93 saved for KXNHLSPREAD-25NOV01CARBOS-BOS1 to /Users/twilliams/Kalshi_MM/data/orderbookData/orderBook_KXNHLSPREAD-25NOV01CARBOS-BOS1.json (total snapshots: 93)
[2025-10-31 23:48:57] ✓ Successfully fetched and saved orderbook (fetch #18)
[2025-10-31 23:48:57] Waiting 5 minutes until next fetch (next: 2025-10-31 23:53:57)...
[2025-10-31 23:48:57] Listener is active and will continue running...
[2025-10-31 23:53:57] === Fetch #19 - Starting orderbook fetch for KXNHLSPREAD-25NOV01CARBOS-BOS1 ===
[2025-10-31 23:53:57] Orderbook snapshot #94 saved for KXNHLSPREAD-25NOV01CARBOS-BOS1 to /Users/twilliams/Kalshi_MM/data/orderbookData/orderBook_KXNHLSPREAD-25NOV01CARBOS-BOS1.json (total snapshots: 94)
[2025-10-31 23:53:57] ✓ Successfully fetched and saved orderbook (fetch #19)
[2025-10-31 23:53:57] Waiting 5 minutes until next fetch (next: 2025-10-31 23:58:57)...
[2025-10-31 23:53:57] Listener is active and will continue running...
[2025-10-31 23:58:57] === Fetch #20 - Starting orderbook fetch for KXNHLSPREAD-25NOV01CARBOS-BOS1 ===
[2025-10-31 23:58:57] Orderbook snapshot #95 saved for KXNHLSPREAD-25NOV01CARBOS-BOS1 to /Users/twilliams/Kalshi_MM/data/orderbookData/orderBook_KXNHLSPREAD-25NOV01CARBOS-BOS1.json (total snapshots: 95)
[2025-10-31 23:58:57] ✓ Successfully fetched and saved orderbook (fetch #20)
[2025-10-31 23:58:57] Waiting 5 minutes until next fetch (next: 2025-11-01 00:03:57)...
[2025-10-31 23:58:57] Listener is active and will continue running...
[2025-11-01 00:03:57] === Fetch #21 - Starting orderbook fetch for KXNHLSPREAD-25NOV01CARBOS-BOS1 ===
[2025-11-01 00:03:57] Orderbook snapshot #96 saved for KXNHLSPREAD-25NOV01CARBOS-BOS1 to /Users/twilliams/Kalshi_MM/data/orderbookData/orderBook_KXNHLSPREAD-25NOV01CARBOS-BOS1.json (total snapshots: 96)
[2025-11-01 00:03:57] ✓ Successfully fetched and saved orderbook (fetch #21)
[2025-11-01 00:03:57] Waiting 5 minutes until next fetch (next: 2025-11-01 00:08:57)...
[2025-11-01 00:03:57] Listener is active and will continue running...
[2025-11-01 00:08:57] === Fetch #22 - Starting orderbook fetch for KXNHLSPREAD-25NOV01CARBOS-BOS1 ===
[2025-11-01 00:08:57] Orderbook snapshot #97 saved for KXNHLSPREAD-25NOV01CARBOS-BOS1 to /Users/twilliams/Kalshi_MM/data/orderbookData/orderBook_KXNHLSPREAD-25NOV01CARBOS-BOS1.json (total snapshots: 97)
[2025-11-01 00:08:57] ✓ Successfully fetched and saved orderbook (fetch #22)
[2025-11-01 00:08:57] Waiting 5 minutes until next fetch (next: 2025-11-01 00:13:57)...
[2025-11-01 00:08:57] Listener is active and will continue running...
[2025-11-01 00:13:57] === Fetch #23 - Starting orderbook fetch for KXNHLSPREAD-25NOV01CARBOS-BOS1 ===
[2025-11-01 00:13:57] Orderbook snapshot #98 saved for KXNHLSPREAD-25NOV01CARBOS-BOS1 to /Users/twilliams/Kalshi_MM/data/orderbookData/orderBook_KXNHLSPREAD-25NOV01CARBOS-BOS1.json (total snapshots: 98)
[2025-11-01 00:13:57] ✓ Successfully fetched and saved orderbook (fetch #23)
[2025-11-01 00:13:57] Waiting 5 minutes until next fetch (next: 2025-11-01 00:18:57)...
[2025-11-01 00:13:57] Listener is active and will continue running...
[2025-11-01 00:18:57] === Fetch #24 - Starting orderbook fetch for KXNHLSPREAD-25NOV01CARBOS-BOS1 ===
[2025-11-01 00:18:58] Orderbook snapshot #99 saved for KXNHLSPREAD-25NOV01CARBOS-BOS1 to /Users/twilliams/Kalshi_MM/data/orderbookData/orderBook_KXNHLSPREAD-25NOV01CARBOS-BOS1.json (total snapshots: 99)
[2025-11-01 00:18:57] ✓ Successfully fetched and saved orderbook (fetch #24)
[2025-11-01 00:18:58] Waiting 5 minutes until next fetch (next: 2025-11-01 00:23:58)...
[2025-11-01 00:18:58] Listener is active and will continue running...
[2025-11-01 00:23:58] === Fetch #25 - Starting orderbook fetch for KXNHLSPREAD-25NOV01CARBOS-BOS1 ===
[2025-11-01 00:23:58] Orderbook snapshot #100 saved for KXNHLSPREAD-25NOV01CARBOS-BOS1 to /Users/twilliams/Kalshi_MM/data/orderbookData/orderBook_KXNHLSPREAD-25NOV01CARBOS-BOS1.json (total snapshots: 100)
[2025-11-01 00:23:58] ✓ Successfully fetched and saved orderbook (fetch #25)
[2025-11-01 00:23:58] Waiting 5 minutes until next fetch (next: 2025-11-01 00:28:58)...
[2025-11-01 00:23:58] Listener is active and will continue running...
[2025-11-01 00:28:58] === Fetch #26 - Starting orderbook fetch for KXNHLSPREAD-25NOV01CARBOS-BOS1 ===
[2025-11-01 00:28:58] Orderbook snapshot #101 saved for KXNHLSPREAD-25NOV01CARBOS-BOS1 to /Users/twilliams/Kalshi_MM/data/orderbookData/orderBook_KXNHLSPREAD-25NOV01CARBOS-BOS1.json (total snapshots: 101)
[2025-11-01 00:28:58] ✓ Successfully fetched and saved orderbook (fetch #26)
[2025-11-01 00:28:58] Waiting 5 minutes until next fetch (next: 2025-11-01 00:33:58)...
[2025-11-01 00:28:58] Listener is active and will continue running...
[2025-11-01 00:33:58] === Fetch #27 - Starting orderbook fetch for KXNHLSPREAD-25NOV01CARBOS-BOS1 ===
[2025-11-01 00:33:58] Orderbook snapshot #102 saved for KXNHLSPREAD-25NOV01CARBOS-BOS1 to /Users/twilliams/Kalshi_MM/data/orderbookData/orderBook_KXNHLSPREAD-25NOV01CARBOS-BOS1.json (total snapshots: 102)
[2025-11-01 00:33:58] ✓ Successfully fetched and saved orderbook (fetch #27)
[2025-11-01 00:33:58] Waiting 5 minutes until next fetch (next: 2025-11-01 00:38:58)...
[2025-11-01 00:33:58] Listener is active and will continue running...
[2025-11-01 00:38:58] === Fetch #28 - Starting orderbook fetch for KXNHLSPREAD-25NOV01CARBOS-BOS1 ===
[2025-11-01 00:38:58] Orderbook snapshot #103 saved for KXNHLSPREAD-25NOV01CARBOS-BOS1 to /Users/twilliams/Kalshi_MM/data/orderbookData/orderBook_KXNHLSPREAD-25NOV01CARBOS-BOS1.json (total snapshots: 103)
[2025-11-01 00:38:58] ✓ Successfully fetched and saved orderbook (fetch #28)
[2025-11-01 00:38:58] Waiting 5 minutes until next fetch (next: 2025-11-01 00:43:58)...
[2025-11-01 00:38:58] Listener is active and will continue running...
[2025-11-01 00:43:58] === Fetch #29 - Starting orderbook fetch for KXNHLSPREAD-25NOV01CARBOS-BOS1 ===
[2025-11-01 00:43:58] Orderbook snapshot #104 saved for KXNHLSPREAD-25NOV01CARBOS-BOS1 to /Users/twilliams/Kalshi_MM/data/orderbookData/orderBook_KXNHLSPREAD-25NOV01CARBOS-BOS1.json (total snapshots: 104)
[2025-11-01 00:43:58] ✓ Successfully fetched and saved orderbook (fetch #29)
[2025-11-01 00:43:58] Waiting 5 minutes until next fetch (next: 2025-11-01 00:48:58)...
[2025-11-01 00:43:58] Listener is active and will continue running...
