2025-11-12T16:26:44.522133, KXMVENFLMULTIGAMEEXTENDED-S2025F34BFE7A570-7C6A3457AC1, BUY, 0.01, N/A
2025-11-12T16:26:44.522133, KXMVENFLMULTIGAMEEXTENDED-S2025F34BFE7A570-7C6A3457AC1, SELL, 0.99, N/A
2025-11-12T16:26:44.803723, KXMVENFLMULTIGAMEEXTENDED-S2025BD9763EA5C3-2C4A9202699, BUY, 0.01, N/A
2025-11-12T16:26:44.803723, KXMVENFLMULTIGAMEEXTENDED-S2025BD9763EA5C3-2C4A9202699, SELL, 0.99, N/A
2025-11-12T16:26:45.081825, KXMVENFLMULTIGAMEEXTENDED-S2025BF2EAD62A98-A3FA5E12AE2, BUY, 0.01, N/A
2025-11-12T16:26:45.081825, KXMVENFLMULTIGAMEEXTENDED-S2025BF2EAD62A98-A3FA5E12AE2, SELL, 0.99, N/A
2025-11-12T16:26:45.385050, KXMVENFLMULTIGAMEEXTENDED-S2025C5FD37FDEAB-A08F8F823DB, BUY, 0.01, N/A
2025-11-12T16:26:45.385050, KXMVENFLMULTIGAMEEXTENDED-S2025C5FD37FDEAB-A08F8F823DB, SELL, 0.99, N/A
2025-11-12T16:26:45.678860, KXMVENFLMULTIGAMEEXTENDED-S2025F8B3CA688FA-70C3D663B32, BUY, 0.01, N/A
2025-11-12T16:26:45.678860, KXMVENFLMULTIGAMEEXTENDED-S2025F8B3CA688FA-70C3D663B32, SELL, 0.99, N/A
2025-11-12T16:26:45.994363, KXMVENFLMULTIGAMEEXTENDED-S202521E267F7DBC-57E7E3DA527, BUY, 0.01, N/A
2025-11-12T16:26:45.994363, KXMVENFLMULTIGAMEEXTENDED-S202521E267F7DBC-57E7E3DA527, SELL, 0.99, N/A
2025-11-12T16:26:46.308582, KXMVENFLMULTIGAMEEXTENDED-S2025BFAAF698B8D-C9F466A1C3E, BUY, 0.01, N/A
2025-11-12T16:26:46.308582, KXMVENFLMULTIGAMEEXTENDED-S2025BFAAF698B8D-C9F466A1C3E, SELL, 0.99, N/A
2025-11-12T16:26:46.596534, KXMVENFLMULTIGAMEEXTENDED-S20254BDCDDD7F11-81BDD0D2869, BUY, 0.01, N/A
2025-11-12T16:26:46.596534, KXMVENFLMULTIGAMEEXTENDED-S20254BDCDDD7F11-81BDD0D2869, SELL, 0.99, N/A
2025-11-12T16:26:46.920338, KXMVENFLMULTIGAMEEXTENDED-S20256F571D0D813-9755542B3CB, BUY, 0.01, N/A
2025-11-12T16:26:46.920338, KXMVENFLMULTIGAMEEXTENDED-S20256F571D0D813-9755542B3CB, SELL, 0.99, N/A
2025-11-12T16:26:47.224253, KXMVENFLMULTIGAMEEXTENDED-S2025E503F48DA46-2B95F513249, BUY, 0.01, N/A
2025-11-12T16:26:47.224253, KXMVENFLMULTIGAMEEXTENDED-S2025E503F48DA46-2B95F513249, SELL, 0.99, N/A
2025-11-12T16:26:47.567661, KXMVENFLMULTIGAMEEXTENDED-S2025A8A6F4AB643-EB220E12939, BUY, 0.01, N/A
2025-11-12T16:26:47.567661, KXMVENFLMULTIGAMEEXTENDED-S2025A8A6F4AB643-EB220E12939, SELL, 0.99, N/A
2025-11-12T16:26:47.981606, KXMVENFLMULTIGAMEEXTENDED-S2025A6295B8FC83-36F6DD220EA, BUY, 0.01, N/A
2025-11-12T16:26:47.981606, KXMVENFLMULTIGAMEEXTENDED-S2025A6295B8FC83-36F6DD220EA, SELL, 0.99, N/A
2025-11-12T16:26:48.347995, KXMVENFLMULTIGAMEEXTENDED-S20259CABFE3E2C9-E2D02C5B874, BUY, 0.01, N/A
2025-11-12T16:26:48.347995, KXMVENFLMULTIGAMEEXTENDED-S20259CABFE3E2C9-E2D02C5B874, SELL, 0.99, N/A
2025-11-12T16:26:48.659221, KXMVENFLMULTIGAMEEXTENDED-S20254AD4C09D784-BAF78D9D6DB, BUY, 0.01, N/A
2025-11-12T16:26:48.659221, KXMVENFLMULTIGAMEEXTENDED-S20254AD4C09D784-BAF78D9D6DB, SELL, 0.99, N/A
2025-11-12T16:26:48.988281, KXMVENFLMULTIGAMEEXTENDED-S202529CAC78921A-D46AF2863A5, BUY, 0.01, N/A
2025-11-12T16:26:48.988281, KXMVENFLMULTIGAMEEXTENDED-S202529CAC78921A-D46AF2863A5, SELL, 0.99, N/A
2025-11-12T16:26:49.268286, KXMVENFLMULTIGAMEEXTENDED-S2025686BC6325C9-DCB03114E37, BUY, 0.01, N/A
2025-11-12T16:26:49.268286, KXMVENFLMULTIGAMEEXTENDED-S2025686BC6325C9-DCB03114E37, SELL, 0.99, N/A
2025-11-12T16:26:49.577654, KXMVENFLMULTIGAMEEXTENDED-S202561BC40AD127-64E69259B1E, BUY, 0.01, N/A
2025-11-12T16:26:49.577654, KXMVENFLMULTIGAMEEXTENDED-S202561BC40AD127-64E69259B1E, SELL, 0.99, N/A
2025-11-12T16:26:49.892155, KXMVENFLMULTIGAMEEXTENDED-S202577BCE2709BE-628675340EA, BUY, 0.01, N/A
2025-11-12T16:26:49.892155, KXMVENFLMULTIGAMEEXTENDED-S202577BCE2709BE-628675340EA, SELL, 0.99, N/A
2025-11-12T16:26:50.201769, KXMVENFLMULTIGAMEEXTENDED-S20256B3CAAF80FD-BCE683D814A, BUY, 0.01, N/A
2025-11-12T16:26:50.201769, KXMVENFLMULTIGAMEEXTENDED-S20256B3CAAF80FD-BCE683D814A, SELL, 0.99, N/A
2025-11-12T16:26:50.481547, KXMVENFLMULTIGAMEEXTENDED-S2025EF427574798-00A562D8B6F, BUY, 0.01, N/A
2025-11-12T16:26:50.481547, KXMVENFLMULTIGAMEEXTENDED-S2025EF427574798-00A562D8B6F, SELL, 0.99, N/A
2025-11-12T16:26:50.768860, KXMVENFLMULTIGAMEEXTENDED-S20252BA2ACBC031-6DED88FEB90, BUY, 0.01, N/A
2025-11-12T16:26:50.768860, KXMVENFLMULTIGAMEEXTENDED-S20252BA2ACBC031-6DED88FEB90, SELL, 0.99, N/A
2025-11-12T16:26:51.074080, KXMVENFLMULTIGAMEEXTENDED-S202511A39451132-796A87157C8, BUY, 0.01, N/A
2025-11-12T16:26:51.074080, KXMVENFLMULTIGAMEEXTENDED-S202511A39451132-796A87157C8, SELL, 0.99, N/A
2025-11-12T16:26:51.399843, KXMVENFLMULTIGAMEEXTENDED-S202552DFD35CFC0-88269BF631F, BUY, 0.01, N/A
2025-11-12T16:26:51.399843, KXMVENFLMULTIGAMEEXTENDED-S202552DFD35CFC0-88269BF631F, SELL, 0.99, N/A
2025-11-12T16:26:51.689198, KXMVENFLMULTIGAMEEXTENDED-S20255EDAC6EDCAC-BF9DF8DF001, BUY, 0.01, N/A
2025-11-12T16:26:51.689198, KXMVENFLMULTIGAMEEXTENDED-S20255EDAC6EDCAC-BF9DF8DF001, SELL, 0.99, N/A
2025-11-12T16:26:51.971618, KXMVENFLMULTIGAMEEXTENDED-S202508890763639-5DDA669F320, BUY, 0.01, N/A
2025-11-12T16:26:51.971618, KXMVENFLMULTIGAMEEXTENDED-S202508890763639-5DDA669F320, SELL, 0.99, N/A
2025-11-12T16:26:52.249402, KXMVENFLMULTIGAMEEXTENDED-S2025264816A7E8D-6E646122C6E, BUY, 0.01, N/A
2025-11-12T16:26:52.249402, KXMVENFLMULTIGAMEEXTENDED-S2025264816A7E8D-6E646122C6E, SELL, 0.99, N/A
2025-11-12T16:26:52.521704, KXMVENFLMULTIGAMEEXTENDED-S20257CA239F09C7-FB1B2499C68, BUY, 0.01, N/A
2025-11-12T16:26:52.521704, KXMVENFLMULTIGAMEEXTENDED-S20257CA239F09C7-FB1B2499C68, SELL, 0.99, N/A
2025-11-12T16:26:52.835644, KXMVENFLMULTIGAMEEXTENDED-S2025725BA4EF9DD-F157B77CA44, BUY, 0.01, N/A
2025-11-12T16:26:52.835644, KXMVENFLMULTIGAMEEXTENDED-S2025725BA4EF9DD-F157B77CA44, SELL, 0.99, N/A
2025-11-12T16:26:53.127839, KXMVENFLMULTIGAMEEXTENDED-S2025434F9355A76-E4AD1503B30, BUY, 0.01, N/A
2025-11-12T16:26:53.127839, KXMVENFLMULTIGAMEEXTENDED-S2025434F9355A76-E4AD1503B30, SELL, 0.99, N/A
2025-11-12T16:26:53.403435, KXMVENFLMULTIGAMEEXTENDED-S2025ADE88102E43-683145688DB, BUY, 0.01, N/A
2025-11-12T16:26:53.403435, KXMVENFLMULTIGAMEEXTENDED-S2025ADE88102E43-683145688DB, SELL, 0.99, N/A
2025-11-12T16:26:53.701940, KXMVENFLMULTIGAMEEXTENDED-S2025A2ADBDD37C5-9C030016D85, BUY, 0.01, N/A
2025-11-12T16:26:53.701940, KXMVENFLMULTIGAMEEXTENDED-S2025A2ADBDD37C5-9C030016D85, SELL, 0.99, N/A
2025-11-12T16:26:53.993728, KXMVENFLMULTIGAMEEXTENDED-S20253C4296640C9-B6D1C98036A, BUY, 0.01, N/A
2025-11-12T16:26:53.993728, KXMVENFLMULTIGAMEEXTENDED-S20253C4296640C9-B6D1C98036A, SELL, 0.99, N/A
2025-11-12T16:26:54.269174, KXMVENFLMULTIGAMEEXTENDED-S20251BD30CF0248-41A150E5C98, BUY, 0.01, N/A
2025-11-12T16:26:54.269174, KXMVENFLMULTIGAMEEXTENDED-S20251BD30CF0248-41A150E5C98, SELL, 0.99, N/A
2025-11-12T16:26:54.556978, KXMVENFLMULTIGAMEEXTENDED-S2025BC61735A12D-A87D889BBA9, BUY, 0.01, N/A
2025-11-12T16:26:54.556978, KXMVENFLMULTIGAMEEXTENDED-S2025BC61735A12D-A87D889BBA9, SELL, 0.99, N/A
2025-11-12T16:26:54.845178, KXMVENFLMULTIGAMEEXTENDED-S20251283B2149E1-1681AF1128F, BUY, 0.01, N/A
2025-11-12T16:26:54.845178, KXMVENFLMULTIGAMEEXTENDED-S20251283B2149E1-1681AF1128F, SELL, 0.99, N/A
2025-11-12T16:26:55.137607, KXMVENFLMULTIGAMEEXTENDED-S20257D1EBB12BF9-B4B73E928B7, BUY, 0.01, N/A
2025-11-12T16:26:55.137607, KXMVENFLMULTIGAMEEXTENDED-S20257D1EBB12BF9-B4B73E928B7, SELL, 0.99, N/A
2025-11-12T16:26:55.411962, KXMVENFLMULTIGAMEEXTENDED-S202525C80C82236-9C635849570, BUY, 0.01, N/A
2025-11-12T16:26:55.411962, KXMVENFLMULTIGAMEEXTENDED-S202525C80C82236-9C635849570, SELL, 0.99, N/A
2025-11-12T16:26:55.691620, KXMVENFLMULTIGAMEEXTENDED-S20251C0C83505CF-EB86847FFF0, BUY, 0.01, N/A
2025-11-12T16:26:55.691620, KXMVENFLMULTIGAMEEXTENDED-S20251C0C83505CF-EB86847FFF0, SELL, 0.99, N/A
2025-11-12T16:26:55.992018, KXMVENFLMULTIGAMEEXTENDED-S2025F1354589B20-117BCB0D1C5, BUY, 0.01, N/A
2025-11-12T16:26:55.992018, KXMVENFLMULTIGAMEEXTENDED-S2025F1354589B20-117BCB0D1C5, SELL, 0.99, N/A
2025-11-12T16:26:56.270609, KXMVENFLMULTIGAMEEXTENDED-S20256225B3682BF-1DEC9F5D1D6, BUY, 0.01, N/A
2025-11-12T16:26:56.270609, KXMVENFLMULTIGAMEEXTENDED-S20256225B3682BF-1DEC9F5D1D6, SELL, 0.99, N/A
2025-11-12T16:26:56.550579, KXMVENFLMULTIGAMEEXTENDED-S2025FD23797925D-13F6D2D611A, BUY, 0.01, N/A
2025-11-12T16:26:56.550579, KXMVENFLMULTIGAMEEXTENDED-S2025FD23797925D-13F6D2D611A, SELL, 0.99, N/A
2025-11-12T16:26:56.840387, KXMVENFLMULTIGAMEEXTENDED-S202567FDE976BC0-0586BB695DC, BUY, 0.01, N/A
2025-11-12T16:26:56.840387, KXMVENFLMULTIGAMEEXTENDED-S202567FDE976BC0-0586BB695DC, SELL, 0.99, N/A
2025-11-12T16:26:57.117726, KXMVENFLMULTIGAMEEXTENDED-S2025A637E986FFB-D79A64A76A9, BUY, 0.01, N/A
2025-11-12T16:26:57.117726, KXMVENFLMULTIGAMEEXTENDED-S2025A637E986FFB-D79A64A76A9, SELL, 0.99, N/A
2025-11-12T16:26:57.391485, KXUSDJPY-25NOV1310-T153.250, BUY, 0.01, N/A
2025-11-12T16:26:57.391485, KXUSDJPY-25NOV1310-T153.250, SELL, 0.99, N/A
2025-11-12T16:26:57.669555, KXMVENFLMULTIGAMEEXTENDED-S2025AC808566046-DF3EBAD7781, BUY, 0.01, N/A
2025-11-12T16:26:57.669555, KXMVENFLMULTIGAMEEXTENDED-S2025AC808566046-DF3EBAD7781, SELL, 0.99, N/A
2025-11-12T16:26:57.948777, KXMVENFLMULTIGAMEEXTENDED-S2025E7D2C501EDA-D7C4C7C6919, BUY, 0.01, N/A
2025-11-12T16:26:57.948777, KXMVENFLMULTIGAMEEXTENDED-S2025E7D2C501EDA-D7C4C7C6919, SELL, 0.99, N/A
2025-11-12T16:26:58.237524, KXMVENFLMULTIGAMEEXTENDED-S2025997D0FA0157-2A51FE76729, BUY, 0.01, N/A
2025-11-12T16:26:58.237524, KXMVENFLMULTIGAMEEXTENDED-S2025997D0FA0157-2A51FE76729, SELL, 0.99, N/A
2025-11-12T16:26:58.516905, KXMVENFLMULTIGAMEEXTENDED-S2025538909C0D9E-A17268274C3, BUY, 0.01, N/A
2025-11-12T16:26:58.516905, KXMVENFLMULTIGAMEEXTENDED-S2025538909C0D9E-A17268274C3, SELL, 0.99, N/A
2025-11-12T16:26:58.821519, KXMVENFLMULTIGAMEEXTENDED-S20254E4051B8457-9D25FC3C2EF, BUY, 0.01, N/A
2025-11-12T16:26:58.821519, KXMVENFLMULTIGAMEEXTENDED-S20254E4051B8457-9D25FC3C2EF, SELL, 0.99, N/A
2025-11-12T16:26:59.101864, KXMVENFLMULTIGAMEEXTENDED-S202552AE7D3EF32-ADD2F903983, BUY, 0.01, N/A
2025-11-12T16:26:59.101864, KXMVENFLMULTIGAMEEXTENDED-S202552AE7D3EF32-ADD2F903983, SELL, 0.99, N/A
2025-11-12T16:26:59.378344, KXMVENFLMULTIGAMEEXTENDED-S202537DD2923834-D5E32D3F354, BUY, 0.01, N/A
2025-11-12T16:26:59.378344, KXMVENFLMULTIGAMEEXTENDED-S202537DD2923834-D5E32D3F354, SELL, 0.99, N/A
2025-11-12T16:26:59.667223, KXMVENFLMULTIGAMEEXTENDED-S2025E2703B3D38E-50656726511, BUY, 0.01, N/A
2025-11-12T16:26:59.667223, KXMVENFLMULTIGAMEEXTENDED-S2025E2703B3D38E-50656726511, SELL, 0.99, N/A
2025-11-12T16:26:59.953746, KXMVENFLMULTIGAMEEXTENDED-S2025410C41C9F0B-D8FE3454BF0, BUY, 0.01, N/A
2025-11-12T16:26:59.953746, KXMVENFLMULTIGAMEEXTENDED-S2025410C41C9F0B-D8FE3454BF0, SELL, 0.99, N/A
2025-11-12T16:27:00.297859, KXMVENFLMULTIGAMEEXTENDED-S2025339EBC5AA3E-BC1FF358ABD, BUY, 0.01, N/A
2025-11-12T16:27:00.297859, KXMVENFLMULTIGAMEEXTENDED-S2025339EBC5AA3E-BC1FF358ABD, SELL, 0.99, N/A
2025-11-12T16:27:00.634983, KXMVENFLMULTIGAMEEXTENDED-S20251183F7F267D-ABA0A17EEE4, BUY, 0.01, N/A
2025-11-12T16:27:00.634983, KXMVENFLMULTIGAMEEXTENDED-S20251183F7F267D-ABA0A17EEE4, SELL, 0.99, N/A
2025-11-12T16:27:00.926804, KXMVENFLMULTIGAMEEXTENDED-S202515711ACA04C-E15A12C8EF8, BUY, 0.01, N/A
2025-11-12T16:27:00.926804, KXMVENFLMULTIGAMEEXTENDED-S202515711ACA04C-E15A12C8EF8, SELL, 0.99, N/A
2025-11-12T16:27:01.238504, KXMVENFLMULTIGAMEEXTENDED-S20258DD106490C2-375501D0642, BUY, 0.01, N/A
2025-11-12T16:27:01.238504, KXMVENFLMULTIGAMEEXTENDED-S20258DD106490C2-375501D0642, SELL, 0.99, N/A
2025-11-12T16:27:01.573327, KXMVENFLMULTIGAMEEXTENDED-S2025832EAF22755-AAE328E2F1F, BUY, 0.01, N/A
2025-11-12T16:27:01.573327, KXMVENFLMULTIGAMEEXTENDED-S2025832EAF22755-AAE328E2F1F, SELL, 0.99, N/A
2025-11-12T16:27:01.869543, KXMVENFLMULTIGAMEEXTENDED-S2025434F9355A76-4DCD8CC1D9F, BUY, 0.01, N/A
2025-11-12T16:27:01.869543, KXMVENFLMULTIGAMEEXTENDED-S2025434F9355A76-4DCD8CC1D9F, SELL, 0.99, N/A
2025-11-12T16:27:02.158108, KXMVENFLMULTIGAMEEXTENDED-S2025675F4B1ED5E-A81D663CBDE, BUY, 0.01, N/A
2025-11-12T16:27:02.158108, KXMVENFLMULTIGAMEEXTENDED-S2025675F4B1ED5E-A81D663CBDE, SELL, 0.88, N/A
2025-11-12T16:27:02.439383, KXMVENFLMULTIGAMEEXTENDED-S20257912FF6FC8B-655309BE146, BUY, 0.01, N/A
2025-11-12T16:27:02.439383, KXMVENFLMULTIGAMEEXTENDED-S20257912FF6FC8B-655309BE146, SELL, 0.87, N/A
2025-11-12T16:27:02.715119, KXMVENFLMULTIGAMEEXTENDED-S2025434F9355A76-5F86B762249, BUY, 0.01, N/A
2025-11-12T16:27:02.715119, KXMVENFLMULTIGAMEEXTENDED-S2025434F9355A76-5F86B762249, SELL, 0.86, N/A
2025-11-12T16:27:02.993245, KXMVENFLMULTIGAMEEXTENDED-S2025B6D48643A9E-E0DAAF18D99, BUY, 0.01, N/A
2025-11-12T16:27:02.993245, KXMVENFLMULTIGAMEEXTENDED-S2025B6D48643A9E-E0DAAF18D99, SELL, 0.75, N/A
2025-11-12T16:27:03.279595, KXMVENFLMULTIGAMEEXTENDED-S2025CF51F1CCA65-5C5DEA9A938, BUY, 0.01, N/A
2025-11-12T16:27:03.279595, KXMVENFLMULTIGAMEEXTENDED-S2025CF51F1CCA65-5C5DEA9A938, SELL, 0.7, N/A
2025-11-12T16:27:03.564090, KXMVENFLMULTIGAMEEXTENDED-S20258FCAAD6CFA3-35250C5BF76, BUY, 0.01, N/A
2025-11-12T16:27:03.564090, KXMVENFLMULTIGAMEEXTENDED-S20258FCAAD6CFA3-35250C5BF76, SELL, 0.7, N/A
2025-11-12T16:27:03.853710, KXMVENFLMULTIGAMEEXTENDED-S2025942512FF695-94960027B48, BUY, 0.01, N/A
2025-11-12T16:27:03.853710, KXMVENFLMULTIGAMEEXTENDED-S2025942512FF695-94960027B48, SELL, 0.7, N/A
2025-11-12T16:27:04.129819, KXMVENFLMULTIGAMEEXTENDED-S202573B4F16BCCF-E61C1BADDF1, BUY, 0.01, N/A
2025-11-12T16:27:04.129819, KXMVENFLMULTIGAMEEXTENDED-S202573B4F16BCCF-E61C1BADDF1, SELL, 0.7, N/A
2025-11-12T16:27:04.419221, KXMVENFLMULTIGAMEEXTENDED-S20255790FC67D7A-824DB45531D, BUY, 0.01, N/A
2025-11-12T16:27:04.419221, KXMVENFLMULTIGAMEEXTENDED-S20255790FC67D7A-824DB45531D, SELL, 0.15, N/A
2025-11-12T16:27:04.704870, KXMVENFLMULTIGAMEEXTENDED-S2025DA9BCAC0E51-4821244D63E, BUY, 0.01, N/A
2025-11-12T16:27:04.704870, KXMVENFLMULTIGAMEEXTENDED-S2025DA9BCAC0E51-4821244D63E, SELL, 0.15, N/A
2025-11-12T16:27:05.017320, KXMVENFLMULTIGAMEEXTENDED-S2025EC2ACC50F7A-16FFEC47E32, BUY, 0.01, N/A
2025-11-12T16:27:05.017320, KXMVENFLMULTIGAMEEXTENDED-S2025EC2ACC50F7A-16FFEC47E32, SELL, 0.15, N/A
2025-11-12T16:27:05.318130, KXMVENFLMULTIGAMEEXTENDED-S2025434F9355A76-A4D5FC8F468, BUY, 0.01, N/A
2025-11-12T16:27:05.318130, KXMVENFLMULTIGAMEEXTENDED-S2025434F9355A76-A4D5FC8F468, SELL, 0.15, N/A
2025-11-12T16:27:05.705461, KXMVENFLMULTIGAMEEXTENDED-S2025A2F97031211-CA7F5E17FB9, BUY, 0.01, N/A
2025-11-12T16:27:05.705461, KXMVENFLMULTIGAMEEXTENDED-S2025A2F97031211-CA7F5E17FB9, SELL, 0.15, N/A
2025-11-12T16:27:05.985924, KXMVENFLMULTIGAMEEXTENDED-S202503D340522C5-B3C2F9CD29C, BUY, 0.01, N/A
2025-11-12T16:27:05.985924, KXMVENFLMULTIGAMEEXTENDED-S202503D340522C5-B3C2F9CD29C, SELL, 0.15, N/A
2025-11-12T16:27:06.259428, KXMVENFLMULTIGAMEEXTENDED-S202573B4F16BCCF-7414A8B8A66, BUY, 0.01, N/A
2025-11-12T16:27:06.259428, KXMVENFLMULTIGAMEEXTENDED-S202573B4F16BCCF-7414A8B8A66, SELL, 0.15, N/A
2025-11-12T16:27:06.549935, KXMVENFLMULTIGAMEEXTENDED-S2025C97AEDD43FF-17092C180FB, BUY, 0.01, N/A
2025-11-12T16:27:06.549935, KXMVENFLMULTIGAMEEXTENDED-S2025C97AEDD43FF-17092C180FB, SELL, 0.15, N/A
2025-11-12T16:27:06.854341, KXMVENFLMULTIGAMEEXTENDED-S2025A4715CFEE0D-EA8A457A062, BUY, 0.01, N/A
2025-11-12T16:27:06.854341, KXMVENFLMULTIGAMEEXTENDED-S2025A4715CFEE0D-EA8A457A062, SELL, 0.15, N/A
2025-11-12T16:27:07.144760, KXMVENFLMULTIGAMEEXTENDED-S202539482BAE0AC-BCAA64B4C3B, BUY, 0.01, N/A
2025-11-12T16:27:07.144760, KXMVENFLMULTIGAMEEXTENDED-S202539482BAE0AC-BCAA64B4C3B, SELL, 0.15, N/A
2025-11-12T16:27:07.444874, KXMVENFLMULTIGAMEEXTENDED-S202539482BAE0AC-BF12BBF38B2, BUY, 0.01, N/A
2025-11-12T16:27:07.444874, KXMVENFLMULTIGAMEEXTENDED-S202539482BAE0AC-BF12BBF38B2, SELL, 0.15, N/A
2025-11-12T16:27:07.735947, KXMVENFLMULTIGAMEEXTENDED-S20259B97E6D9330-C42E08285FF, BUY, 0.01, N/A
2025-11-12T16:27:07.735947, KXMVENFLMULTIGAMEEXTENDED-S20259B97E6D9330-C42E08285FF, SELL, 0.15, N/A
2025-11-12T16:27:08.045723, KXMVENFLMULTIGAMEEXTENDED-S2025865F0441324-A64654D16D6, BUY, 0.01, N/A
2025-11-12T16:27:08.045723, KXMVENFLMULTIGAMEEXTENDED-S2025865F0441324-A64654D16D6, SELL, 0.15, N/A
2025-11-12T16:27:08.336864, KXMVENFLMULTIGAMEEXTENDED-S20256F571D0D813-25E8961BC1B, BUY, 0.01, N/A
2025-11-12T16:27:08.336864, KXMVENFLMULTIGAMEEXTENDED-S20256F571D0D813-25E8961BC1B, SELL, 0.15, N/A
2025-11-12T16:27:08.625337, KXMVENFLMULTIGAMEEXTENDED-S20259B6B6A38A45-76A4451B674, BUY, 0.01, N/A
2025-11-12T16:27:08.625337, KXMVENFLMULTIGAMEEXTENDED-S20259B6B6A38A45-76A4451B674, SELL, 0.15, N/A
2025-11-12T16:27:08.908806, KXMVENFLMULTIGAMEEXTENDED-S20259F13FED2B80-B31129C0EF5, BUY, 0.01, N/A
2025-11-12T16:27:08.908806, KXMVENFLMULTIGAMEEXTENDED-S20259F13FED2B80-B31129C0EF5, SELL, 0.15, N/A
2025-11-12T16:27:09.211923, KXMVENFLMULTIGAMEEXTENDED-S2025861A0D64986-FD4FCEF5EF7, BUY, 0.01, N/A
2025-11-12T16:27:09.211923, KXMVENFLMULTIGAMEEXTENDED-S2025861A0D64986-FD4FCEF5EF7, SELL, 0.15, N/A
2025-11-12T16:27:09.515759, KXMVENFLMULTIGAMEEXTENDED-S2025BE28CBEA5DF-C795B1BB9E1, BUY, 0.01, N/A
2025-11-12T16:27:09.515759, KXMVENFLMULTIGAMEEXTENDED-S2025BE28CBEA5DF-C795B1BB9E1, SELL, 0.15, N/A
2025-11-12T16:27:09.821940, KXMVENFLMULTIGAMEEXTENDED-S20255072C4BD6DF-A39EF33D58C, BUY, 0.01, N/A
2025-11-12T16:27:09.821940, KXMVENFLMULTIGAMEEXTENDED-S20255072C4BD6DF-A39EF33D58C, SELL, 0.15, N/A
2025-11-12T16:27:10.129870, KXMVENFLMULTIGAMEEXTENDED-S20259194C49B70F-4EC04615493, BUY, 0.01, N/A
2025-11-12T16:27:10.129870, KXMVENFLMULTIGAMEEXTENDED-S20259194C49B70F-4EC04615493, SELL, 0.15, N/A
2025-11-12T16:27:10.432675, KXMVENFLMULTIGAMEEXTENDED-S20257CD9522CC7E-96A1CB60703, BUY, 0.01, N/A
2025-11-12T16:27:10.432675, KXMVENFLMULTIGAMEEXTENDED-S20257CD9522CC7E-96A1CB60703, SELL, 0.15, N/A
2025-11-12T16:27:10.722102, KXMVENFLMULTIGAMEEXTENDED-S2025C55FAEE5D70-E019E9226BE, BUY, 0.01, N/A
2025-11-12T16:27:10.722102, KXMVENFLMULTIGAMEEXTENDED-S2025C55FAEE5D70-E019E9226BE, SELL, 0.15, N/A
2025-11-12T16:27:11.010178, KXMVENFLMULTIGAMEEXTENDED-S20251AA7D64D5E6-34845BB46FC, BUY, 0.01, N/A
2025-11-12T16:27:11.010178, KXMVENFLMULTIGAMEEXTENDED-S20251AA7D64D5E6-34845BB46FC, SELL, 0.15, N/A
2025-11-12T16:27:11.301231, KXMVENFLMULTIGAMEEXTENDED-S2025164A70B8A15-B7CFBDBA3D4, BUY, 0.01, N/A
2025-11-12T16:27:11.301231, KXMVENFLMULTIGAMEEXTENDED-S2025164A70B8A15-B7CFBDBA3D4, SELL, 0.15, N/A
2025-11-12T16:27:11.585654, KXMVENFLMULTIGAMEEXTENDED-S20252EB0561F5A0-D98AB412190, BUY, 0.01, N/A
2025-11-12T16:27:11.585654, KXMVENFLMULTIGAMEEXTENDED-S20252EB0561F5A0-D98AB412190, SELL, 0.15, N/A
2025-11-12T16:27:11.892587, KXMVENFLMULTIGAMEEXTENDED-S20250D04F63F73B-1A32116F6E6, BUY, 0.01, N/A
2025-11-12T16:27:11.892587, KXMVENFLMULTIGAMEEXTENDED-S20250D04F63F73B-1A32116F6E6, SELL, 0.15, N/A
2025-11-12T16:27:12.193487, KXMVENFLMULTIGAMEEXTENDED-S202576E4AA24F6F-4D17EDDA4A5, BUY, 0.01, N/A
2025-11-12T16:27:12.193487, KXMVENFLMULTIGAMEEXTENDED-S202576E4AA24F6F-4D17EDDA4A5, SELL, 0.15, N/A
2025-11-12T16:27:12.472882, KXMVENFLMULTIGAMEEXTENDED-S202507EA02459F0-312DB0D927C, BUY, 0.01, N/A
2025-11-12T16:27:12.472882, KXMVENFLMULTIGAMEEXTENDED-S202507EA02459F0-312DB0D927C, SELL, 0.15, N/A
2025-11-12T16:27:12.751775, KXMVENFLMULTIGAMEEXTENDED-S2025BE5953BADD1-430ADF1F4B0, BUY, 0.01, N/A
2025-11-12T16:27:12.751775, KXMVENFLMULTIGAMEEXTENDED-S2025BE5953BADD1-430ADF1F4B0, SELL, 0.15, N/A
2025-11-12T16:27:13.035050, KXMVENFLMULTIGAMEEXTENDED-S2025434F9355A76-67541BA63AF, BUY, 0.01, N/A
2025-11-12T16:27:13.035050, KXMVENFLMULTIGAMEEXTENDED-S2025434F9355A76-67541BA63AF, SELL, 0.15, N/A
2025-11-12T16:27:13.317166, KXMVENFLMULTIGAMEEXTENDED-S20254341FCCB192-97602198A47, BUY, 0.01, N/A
2025-11-12T16:27:13.317166, KXMVENFLMULTIGAMEEXTENDED-S20254341FCCB192-97602198A47, SELL, 0.15, N/A
2025-11-12T16:27:13.638748, KXMVENFLMULTIGAMEEXTENDED-S2025434F9355A76-DFEE35722A2, BUY, 0.01, N/A
2025-11-12T16:27:13.638748, KXMVENFLMULTIGAMEEXTENDED-S2025434F9355A76-DFEE35722A2, SELL, 0.15, N/A
2025-11-12T16:27:13.959258, KXMVENFLMULTIGAMEEXTENDED-S20251BEADC50F3C-BC9C6C4D6B6, BUY, 0.01, N/A
2025-11-12T16:27:13.959258, KXMVENFLMULTIGAMEEXTENDED-S20251BEADC50F3C-BC9C6C4D6B6, SELL, 0.15, N/A
2025-11-12T16:27:14.313603, KXMVENFLMULTIGAMEEXTENDED-S202514AF96A28BC-C2AE396BF83, BUY, 0.01, N/A
2025-11-12T16:27:14.313603, KXMVENFLMULTIGAMEEXTENDED-S202514AF96A28BC-C2AE396BF83, SELL, 0.15, N/A
2025-11-12T16:27:14.639646, KXMVENFLMULTIGAMEEXTENDED-S20255053871F581-2D8ADA5EFBF, BUY, 0.01, N/A
2025-11-12T16:27:14.639646, KXMVENFLMULTIGAMEEXTENDED-S20255053871F581-2D8ADA5EFBF, SELL, 0.15, N/A
2025-11-12T16:27:14.958491, KXMVENFLMULTIGAMEEXTENDED-S202577546F79609-57734FA9150, BUY, 0.01, N/A
2025-11-12T16:27:14.958491, KXMVENFLMULTIGAMEEXTENDED-S202577546F79609-57734FA9150, SELL, 0.15, N/A
2025-11-12T16:27:15.268723, KXMVENFLMULTIGAMEEXTENDED-S20250BBE8F3CA77-B40DB0DE0AF, BUY, 0.01, N/A
2025-11-12T16:27:15.268723, KXMVENFLMULTIGAMEEXTENDED-S20250BBE8F3CA77-B40DB0DE0AF, SELL, 0.15, N/A
2025-11-12T16:27:15.568205, KXMVENFLMULTIGAMEEXTENDED-S2025E66A5005174-54B4F451A59, BUY, 0.01, N/A
2025-11-12T16:27:15.568205, KXMVENFLMULTIGAMEEXTENDED-S2025E66A5005174-54B4F451A59, SELL, 0.15, N/A
2025-11-12T16:27:15.848244, KXMVENFLMULTIGAMEEXTENDED-S2025EDACA3F1EDC-DCBBC19AC3C, BUY, 0.01, N/A
2025-11-12T16:27:15.848244, KXMVENFLMULTIGAMEEXTENDED-S2025EDACA3F1EDC-DCBBC19AC3C, SELL, 0.15, N/A
2025-11-12T16:27:16.146271, KXMVENFLMULTIGAMEEXTENDED-S2025434F9355A76-6EAF913D2AE, BUY, 0.01, N/A
2025-11-12T16:27:16.146271, KXMVENFLMULTIGAMEEXTENDED-S2025434F9355A76-6EAF913D2AE, SELL, 0.15, N/A
2025-11-12T16:27:16.431971, KXMVENFLMULTIGAMEEXTENDED-S20255CCE1907D8A-2697175D4B8, BUY, 0.01, N/A
2025-11-12T16:27:16.431971, KXMVENFLMULTIGAMEEXTENDED-S20255CCE1907D8A-2697175D4B8, SELL, 0.15, N/A
2025-11-12T16:27:16.719210, KXMVENFLMULTIGAMEEXTENDED-S20250A529CE67B1-11F128CAAFC, BUY, 0.01, N/A
2025-11-12T16:27:16.719210, KXMVENFLMULTIGAMEEXTENDED-S20250A529CE67B1-11F128CAAFC, SELL, 0.15, N/A
2025-11-12T16:27:17.042869, KXMVENFLMULTIGAMEEXTENDED-S202595ADD4A4CC6-EFA3FCBD6D6, BUY, 0.01, N/A
2025-11-12T16:27:17.042869, KXMVENFLMULTIGAMEEXTENDED-S202595ADD4A4CC6-EFA3FCBD6D6, SELL, 0.15, N/A
2025-11-12T16:27:17.333900, KXMVENFLMULTIGAMEEXTENDED-S2025DDE8DD7D9D7-D069F499358, BUY, 0.01, N/A
2025-11-12T16:27:17.333900, KXMVENFLMULTIGAMEEXTENDED-S2025DDE8DD7D9D7-D069F499358, SELL, 0.15, N/A
2025-11-12T16:27:17.615092, KXMVENFLMULTIGAMEEXTENDED-S20252170025E83E-7285A7A5E55, BUY, 0.01, N/A
2025-11-12T16:27:17.615092, KXMVENFLMULTIGAMEEXTENDED-S20252170025E83E-7285A7A5E55, SELL, 0.15, N/A
2025-11-12T16:27:17.891173, KXMVENFLMULTIGAMEEXTENDED-S2025C2A0AF62C95-A46FC330F2F, BUY, 0.01, N/A
2025-11-12T16:27:17.891173, KXMVENFLMULTIGAMEEXTENDED-S2025C2A0AF62C95-A46FC330F2F, SELL, 0.15, N/A
2025-11-12T16:27:18.181204, KXMVENFLMULTIGAMEEXTENDED-S202542121DE7C64-FA12F758153, BUY, 0.01, N/A
2025-11-12T16:27:18.181204, KXMVENFLMULTIGAMEEXTENDED-S202542121DE7C64-FA12F758153, SELL, 0.15, N/A
2025-11-12T16:27:18.489292, KXMVENFLMULTIGAMEEXTENDED-S2025B8661C3786E-9580AB7D4CF, BUY, 0.01, N/A
2025-11-12T16:27:18.489292, KXMVENFLMULTIGAMEEXTENDED-S2025B8661C3786E-9580AB7D4CF, SELL, 0.15, N/A
2025-11-12T16:27:18.837662, KXMVENFLMULTIGAMEEXTENDED-S2025B57BD18682E-4CEDBA81137, BUY, 0.01, N/A
2025-11-12T16:27:18.837662, KXMVENFLMULTIGAMEEXTENDED-S2025B57BD18682E-4CEDBA81137, SELL, 0.15, N/A
2025-11-12T16:27:19.159639, KXMVENFLMULTIGAMEEXTENDED-S2025BB8A3B16B67-65B4B95D496, BUY, 0.01, N/A
2025-11-12T16:27:19.159639, KXMVENFLMULTIGAMEEXTENDED-S2025BB8A3B16B67-65B4B95D496, SELL, 0.15, N/A
2025-11-12T16:27:19.466903, KXMVENFLMULTIGAMEEXTENDED-S2025ED8E6ACE3E3-0C625303583, BUY, 0.01, N/A
2025-11-12T16:27:19.466903, KXMVENFLMULTIGAMEEXTENDED-S2025ED8E6ACE3E3-0C625303583, SELL, 0.15, N/A
2025-11-12T16:27:19.796410, KXMVENFLMULTIGAMEEXTENDED-S202597E0D03267F-22FEA64ED5A, BUY, 0.01, N/A
2025-11-12T16:27:19.796410, KXMVENFLMULTIGAMEEXTENDED-S202597E0D03267F-22FEA64ED5A, SELL, 0.15, N/A
2025-11-12T16:27:20.196264, KXMVENFLMULTIGAMEEXTENDED-S20253F1A67D7569-CB8CB5724D9, BUY, 0.01, N/A
2025-11-12T16:27:20.196264, KXMVENFLMULTIGAMEEXTENDED-S20253F1A67D7569-CB8CB5724D9, SELL, 0.15, N/A
2025-11-12T16:27:20.484735, KXMVENFLMULTIGAMEEXTENDED-S2025F2D4B562F51-2889153FD4B, BUY, 0.01, N/A
2025-11-12T16:27:20.484735, KXMVENFLMULTIGAMEEXTENDED-S2025F2D4B562F51-2889153FD4B, SELL, 0.15, N/A
2025-11-12T16:27:20.784823, KXMVENFLMULTIGAMEEXTENDED-S2025137CC4B4016-BCDC67D1C83, BUY, 0.01, N/A
2025-11-12T16:27:20.784823, KXMVENFLMULTIGAMEEXTENDED-S2025137CC4B4016-BCDC67D1C83, SELL, 0.15, N/A
2025-11-12T16:27:21.095429, KXMVENFLMULTIGAMEEXTENDED-S2025A0EB9366AEA-6F2341CA124, BUY, 0.01, N/A
2025-11-12T16:27:21.095429, KXMVENFLMULTIGAMEEXTENDED-S2025A0EB9366AEA-6F2341CA124, SELL, 0.15, N/A
2025-11-12T16:27:21.471018, KXMVENFLMULTIGAMEEXTENDED-S202504ECF14B353-A738962640F, BUY, 0.01, N/A
2025-11-12T16:27:21.471018, KXMVENFLMULTIGAMEEXTENDED-S202504ECF14B353-A738962640F, SELL, 0.15, N/A
2025-11-12T16:27:21.794262, KXMVENFLMULTIGAMEEXTENDED-S20250EB63F31DD6-99E2CC341AC, BUY, 0.01, N/A
2025-11-12T16:27:21.794262, KXMVENFLMULTIGAMEEXTENDED-S20250EB63F31DD6-99E2CC341AC, SELL, 0.15, N/A
2025-11-12T16:27:22.142659, KXMVENFLMULTIGAMEEXTENDED-S202577104DF9712-79151FF290D, BUY, 0.01, N/A
2025-11-12T16:27:22.142659, KXMVENFLMULTIGAMEEXTENDED-S202577104DF9712-79151FF290D, SELL, 0.15, N/A
2025-11-12T16:27:22.430451, KXMVENFLMULTIGAMEEXTENDED-S202529F9693159D-174B624688F, BUY, 0.01, N/A
2025-11-12T16:27:22.430451, KXMVENFLMULTIGAMEEXTENDED-S202529F9693159D-174B624688F, SELL, 0.15, N/A
2025-11-12T16:27:22.715361, KXNCAAMBGAME-25NOV14NCCUUNC-UNC, BUY, 0.9, N/A
2025-11-12T16:27:22.715361, KXNCAAMBGAME-25NOV14NCCUUNC-UNC, SELL, 0.97, N/A
2025-11-12T16:27:23.008010, KXHIGHLAX-25NOV13-B66.5, BUY, 0.26, N/A
2025-11-12T16:27:23.008010, KXHIGHLAX-25NOV13-B66.5, SELL, 0.33, N/A
2025-11-12T16:27:23.297117, KXTRUMPMENTIONB-25NOV13-EPST, BUY, 0.21, N/A
2025-11-12T16:27:23.297117, KXTRUMPMENTIONB-25NOV13-EPST, SELL, 0.27, N/A
2025-11-12T16:27:23.573225, KXHIGHLAX-25NOV13-T69, BUY, 0.3, N/A
2025-11-12T16:27:23.573225, KXHIGHLAX-25NOV13-T69, SELL, 0.36, N/A
2025-11-12T16:27:23.851000, KXTRUMPMENTIONB-25NOV13-TRUM, BUY, 0.53, N/A
2025-11-12T16:27:23.851000, KXTRUMPMENTIONB-25NOV13-TRUM, SELL, 0.57, N/A
2025-11-12T16:27:24.133543, KXATPDOUBLES-25NOV13KRAPUTBOLVAV-KRAPUT, BUY, 0.49, N/A
2025-11-12T16:27:24.133543, KXATPDOUBLES-25NOV13KRAPUTBOLVAV-KRAPUT, SELL, 0.53, N/A
2025-11-12T16:27:24.408926, KXHIGHLAX-25NOV13-B62.5, BUY, 0.01, N/A
2025-11-12T16:27:24.408926, KXHIGHLAX-25NOV13-B62.5, SELL, 0.03, N/A
2025-11-12T16:27:24.692059, KXTRUMPMENTIONB-25NOV13-FED, BUY, 0.52, N/A
2025-11-12T16:27:24.692059, KXTRUMPMENTIONB-25NOV13-FED, SELL, 0.54, N/A
2025-11-12T16:27:24.967435, KXTRUMPMENTIONB-25NOV13-LOW, BUY, 0.11, N/A
2025-11-12T16:27:24.967435, KXTRUMPMENTIONB-25NOV13-LOW, SELL, 0.13, N/A
2025-11-12T16:27:25.257525, KXATPMATCH-25NOV13ALCMUS-ALC, BUY, 0.85, N/A
2025-11-12T16:27:25.257525, KXATPMATCH-25NOV13ALCMUS-ALC, SELL, 0.86, N/A
2025-11-12T16:27:25.549267, KXGAMEAWARDS-2025-ARC, BUY, 0.01, N/A
2025-11-12T16:27:25.549267, KXGAMEAWARDS-2025-ARC, SELL, 0.02, N/A
2025-11-12T16:27:25.850820, KXRANKLISTGOOGLESEARCHACT-26JAN-SAI, BUY, 0.19, N/A
2025-11-12T16:27:25.850820, KXRANKLISTGOOGLESEARCHACT-26JAN-SAI, SELL, 0.2, N/A
2025-11-12T16:27:26.134285, KXNCAAMBGAME-25NOV14EIUUK-UK, BUY, 0.99, N/A
2025-11-12T16:27:26.134285, KXNCAAMBGAME-25NOV14EIUUK-UK, SELL, 0.99, N/A
2025-11-12T16:27:26.468533, KXNCAAMBGAME-25NOV14EIUUK-EIU, BUY, 0.01, N/A
2025-11-12T16:27:26.468533, KXNCAAMBGAME-25NOV14EIUUK-EIU, SELL, 0.01, N/A
2025-11-12T16:27:26.745649, KXNCAAMBGAME-25NOV14INSTDUKE-INST, BUY, 0.01, N/A
2025-11-12T16:27:26.745649, KXNCAAMBGAME-25NOV14INSTDUKE-INST, SELL, 0.02, N/A
2025-11-12T16:27:27.019781, KXNCAAMBGAME-25NOV14INSTDUKE-DUKE, BUY, 0.98, N/A
2025-11-12T16:27:27.019781, KXNCAAMBGAME-25NOV14INSTDUKE-DUKE, SELL, 0.99, N/A
2025-11-12T16:27:27.301116, KXATPMATCH-25NOV13FRIDE-FRI, BUY, 0.69, N/A
2025-11-12T16:27:27.301116, KXATPMATCH-25NOV13FRIDE-FRI, SELL, 0.7, N/A
2025-11-12T16:27:27.584007, KXATPMATCH-25NOV13FRIDE-DE, BUY, 0.3, N/A
2025-11-12T16:27:27.584007, KXATPMATCH-25NOV13FRIDE-DE, SELL, 0.31, N/A
2025-11-12T16:27:27.861747, KXHIGHLAX-25NOV13-B68.5, BUY, 0.35, N/A
2025-11-12T16:27:27.861747, KXHIGHLAX-25NOV13-B68.5, SELL, 0.36, N/A
2025-11-12T16:27:28.180331, KXHIGHLAX-25NOV13-B64.5, BUY, 0.08, N/A
2025-11-12T16:27:28.180331, KXHIGHLAX-25NOV13-B64.5, SELL, 0.09, N/A
